<?xml version="1.0" encoding="UTF-8"?>
<testsuite xmlns:xsi="http://www.w3.org/2001/XMLSchema-instance" xsi:noNamespaceSchemaLocation="https://maven.apache.org/surefire/maven-surefire-plugin/xsd/surefire-test-report-3.0.xsd" version="3.0" name="Runner.Run" time="59.618" tests="5" errors="0" skipped="0" failures="1">
  <properties>
[...]
</properties>
  <testcase name="Add New Customer" classname="Customer" time="23.02">
    <system-out><![CDATA[
@sanity
Scenario: Add New Customer                                                                # Features/AddCustomer.feature:12
[DEBUG] Resolution chrome=112 in cache (valid until 18:14:52 28/04/2023 EDT)
[DEBUG] Resolution chrome112=112.0.5615.49 in cache (valid until 18:41:48 28/04/2023 EDT)
[INFO] Using chromedriver 112.0.5615.49 (resolved driver for Chrome 112)
[DEBUG] Driver chromedriver 112.0.5615.49 found in cache
[INFO] Exporting webdriver.chrome.driver as C:\Users\kumar\.cache\selenium\chromedriver\win32\112.0.5615.49\chromedriver.exe
[DEBUG] Using SLF4J as the default logging framework
[DEBUG] -Dio.netty.leakDetection.level: simple
[DEBUG] -Dio.netty.leakDetection.targetRecords: 4
[DEBUG] Loaded default ResourceLeakDetector: io.netty.util.ResourceLeakDetector@6edcd0d8
[DEBUG] -Dio.netty.noUnsafe: false
[DEBUG] Java version: 17
[DEBUG] sun.misc.Unsafe.theUnsafe: available
[DEBUG] sun.misc.Unsafe.copyMemory: available
[DEBUG] sun.misc.Unsafe.storeFence: available
[DEBUG] java.nio.Buffer.address: available
[DEBUG] direct buffer constructor: unavailable: Reflective setAccessible(true) disabled
[DEBUG] java.nio.Bits.unaligned: available, true
[DEBUG] jdk.internal.misc.Unsafe.allocateUninitializedArray(int): unavailable: class io.netty.util.internal.PlatformDependent0$7 cannot access class jdk.internal.misc.Unsafe (in module java.base) because module java.base does not export jdk.internal.misc to unnamed module @5f341870
[DEBUG] java.nio.DirectByteBuffer.<init>(long, int): unavailable
[DEBUG] sun.misc.Unsafe: available
[DEBUG] maxDirectMemory: 4223664128 bytes (maybe)
[DEBUG] -Dio.netty.tmpdir: C:\Users\kumar\AppData\Local\Temp (java.io.tmpdir)
[DEBUG] -Dio.netty.bitMode: 64 (sun.arch.data.model)
[DEBUG] Platform: Windows
[DEBUG] -Dio.netty.maxDirectMemory: -1 bytes
[DEBUG] -Dio.netty.uninitializedArrayAllocationThreshold: -1
[DEBUG] java.nio.ByteBuffer.cleaner(): available
[DEBUG] -Dio.netty.noPreferDirect: false
[DEBUG] org.jctools-core.MpscChunkedArrayQueue: available
[DEBUG] -Dio.netty.threadLocalMap.stringBuilder.initialSize: 1024
[DEBUG] -Dio.netty.threadLocalMap.stringBuilder.maxSize: 4096
[DEBUG] Default protocols (JDK): [TLSv1.3, TLSv1.2] 
[DEBUG] Default cipher suites (JDK): [TLS_ECDHE_ECDSA_WITH_AES_256_GCM_SHA384, TLS_ECDHE_ECDSA_WITH_AES_128_GCM_SHA256, TLS_ECDHE_RSA_WITH_AES_128_GCM_SHA256, TLS_ECDHE_RSA_WITH_AES_256_GCM_SHA384, TLS_ECDHE_RSA_WITH_AES_128_CBC_SHA, TLS_ECDHE_RSA_WITH_AES_256_CBC_SHA, TLS_RSA_WITH_AES_128_GCM_SHA256, TLS_RSA_WITH_AES_128_CBC_SHA, TLS_RSA_WITH_AES_256_CBC_SHA, TLS_AES_128_GCM_SHA256, TLS_AES_256_GCM_SHA384]
[DEBUG] -Dio.netty.eventLoopThreads: 16
[DEBUG] -Dio.netty.noKeySetOptimization: false
[DEBUG] -Dio.netty.selectorAutoRebuildThreshold: 512
[DEBUG] -Dio.netty.allocator.numHeapArenas: 16
[DEBUG] -Dio.netty.allocator.numDirectArenas: 16
[DEBUG] -Dio.netty.allocator.pageSize: 8192
[DEBUG] -Dio.netty.allocator.maxOrder: 9
[DEBUG] -Dio.netty.allocator.chunkSize: 4194304
[DEBUG] -Dio.netty.allocator.smallCacheSize: 256
[DEBUG] -Dio.netty.allocator.normalCacheSize: 64
[DEBUG] -Dio.netty.allocator.maxCachedBufferCapacity: 32768
[DEBUG] -Dio.netty.allocator.cacheTrimInterval: 8192
[DEBUG] -Dio.netty.allocator.cacheTrimIntervalMillis: 0
[DEBUG] -Dio.netty.allocator.useCacheForAllThreads: false
[DEBUG] -Dio.netty.allocator.maxCachedByteBuffersPerChunk: 1023
[DEBUG] -Dio.netty.allocator.type: pooled
[DEBUG] -Dio.netty.threadLocalDirectBufferSize: 0
[DEBUG] -Dio.netty.maxThreadLocalCharBufferSize: 16384
[DEBUG] -Dio.netty.processId: 40220 (auto-detected)
[DEBUG] -Djava.net.preferIPv4Stack: false
[DEBUG] -Djava.net.preferIPv6Addresses: false
[DEBUG] Loopback interface: lo (Software Loopback Interface 1, 127.0.0.1)
[DEBUG] Failed to get SOMAXCONN from sysctl and file \proc\sys\net\core\somaxconn. Default: 200
[DEBUG] -Dio.netty.machineId: 84:7b:57:ff:fe:3f:41:66 (auto-detected)
[DEBUG] -Dio.netty.buffer.checkAccessible: true
[DEBUG] -Dio.netty.buffer.checkBounds: true
[DEBUG] Loaded default ResourceLeakDetector: io.netty.util.ResourceLeakDetector@30e755dc
[DEBUG] Using new Channel '[id: 0x9b7e950f, L:/127.0.0.1:59689 - R:localhost/127.0.0.1:16377]' for 'POST' to '/session'
[DEBUG] -Dio.netty.recycler.maxCapacityPerThread: 4096
[DEBUG] -Dio.netty.recycler.ratio: 8
[DEBUG] -Dio.netty.recycler.chunkSize: 32
[DEBUG] -Dio.netty.recycler.blocking: false
[DEBUG] brotli4j not in the classpath; Brotli support will be unavailable.
[DEBUG] 

Request DefaultHttpRequest(decodeResult: success, version: HTTP/1.1)
POST /session HTTP/1.1
User-Agent: selenium/4.8.1 (java windows)
Content-Length: 439
Content-Type: application/json; charset=utf-8
host: localhost:16377
accept: */*

Response DefaultHttpResponse(decodeResult: success, version: HTTP/1.1)
HTTP/1.1 200 OK
Content-Length: 860
Content-Type: application/json; charset=utf-8
cache-control: no-cache

[DEBUG] Adding key: http://localhost:16377 for channel [id: 0x9b7e950f, L:/127.0.0.1:59689 - R:localhost/127.0.0.1:16377]
[DEBUG] Using new Channel '[id: 0x5039b805, L:/127.0.0.1:59696 - R:localhost/127.0.0.1:59690]' for 'GET' to '/json/version'
[DEBUG] 

Request DefaultFullHttpRequest(decodeResult: success, version: HTTP/1.1, content: EmptyByteBufBE)
GET /json/version HTTP/1.1
User-Agent: selenium/4.8.1 (java windows)
host: localhost:59690
accept: */*

Response DefaultHttpResponse(decodeResult: success, version: HTTP/1.1)
HTTP/1.1 200 OK
Content-Security-Policy: frame-ancestors 'none'
Content-Length: 424
Content-Type: application/json; charset=UTF-8

[DEBUG] Adding key: http://localhost:59690 for channel [id: 0x5039b805, L:/127.0.0.1:59696 - R:localhost/127.0.0.1:59690]
[DEBUG] -Dio.netty.initialSeedUniquifier: 0x68aa061295a72a11
[DEBUG] Using new Channel '[id: 0x169e6ff9, L:/127.0.0.1:59697 - R:localhost/127.0.0.1:59690]' for 'GET' to '/devtools/browser/5d611a50-f2e4-48a8-a8c2-5a3e31bcbb29'
[DEBUG] 

Request DefaultFullHttpRequest(decodeResult: success, version: HTTP/1.1, content: EmptyByteBufBE)
GET /devtools/browser/5d611a50-f2e4-48a8-a8c2-5a3e31bcbb29 HTTP/1.1
upgrade: websocket
connection: upgrade
sec-websocket-key: c3kFIgP1HUA0cOGSIVHmHw==
sec-websocket-version: 13
origin: http://localhost:59690
host: localhost:59690
accept: */*
user-agent: AHC/2.1

Response DefaultHttpResponse(decodeResult: success, version: HTTP/1.1)
HTTP/1.1 101 WebSocket Protocol Handshake
Upgrade: WebSocket
Connection: Upgrade
Sec-WebSocket-Accept: ThXL1yh1BQt2Gf//n/t0vqvIsls=

[DEBUG] Entry count for : http://localhost:59690 : 1
[DEBUG] Entry count for : http://localhost:16377 : 1
  Given User Launch Chrome browser                                                        # StepDefination.StepDef.user_launch_chrome_browser()
[DEBUG] Using pooled Channel '[id: 0x9b7e950f, L:/127.0.0.1:59689 - R:localhost/127.0.0.1:16377]' for 'POST' to 'http://localhost:16377/session/3d9ce75e9c77293a1ee002ab136f535b/url'
[DEBUG] Using open Channel [id: 0x9b7e950f, L:/127.0.0.1:59689 - R:localhost/127.0.0.1:16377] for POST '/session/3d9ce75e9c77293a1ee002ab136f535b/url'
[DEBUG] 

Request DefaultHttpRequest(decodeResult: success, version: HTTP/1.1)
POST /session/3d9ce75e9c77293a1ee002ab136f535b/url HTTP/1.1
User-Agent: selenium/4.8.1 (java windows)
Content-Length: 69
Content-Type: application/json; charset=utf-8
host: localhost:16377
accept: */*

Response DefaultHttpResponse(decodeResult: success, version: HTTP/1.1)
HTTP/1.1 200 OK
Content-Length: 14
Content-Type: application/json; charset=utf-8
cache-control: no-cache

[DEBUG] Adding key: http://localhost:16377 for channel [id: 0x9b7e950f, L:/127.0.0.1:59689 - R:localhost/127.0.0.1:16377]
  When User opens URL "http://admin-demo.nopcommerce.com/login"                           # StepDefination.StepDef.user_opens_url(java.lang.String)
[DEBUG] Using pooled Channel '[id: 0x9b7e950f, L:/127.0.0.1:59689 - R:localhost/127.0.0.1:16377]' for 'POST' to 'http://localhost:16377/session/3d9ce75e9c77293a1ee002ab136f535b/element'
[DEBUG] Using open Channel [id: 0x9b7e950f, L:/127.0.0.1:59689 - R:localhost/127.0.0.1:16377] for POST '/session/3d9ce75e9c77293a1ee002ab136f535b/element'
[DEBUG] 

Request DefaultHttpRequest(decodeResult: success, version: HTTP/1.1)
POST /session/3d9ce75e9c77293a1ee002ab136f535b/element HTTP/1.1
User-Agent: selenium/4.8.1 (java windows)
Content-Length: 50
Content-Type: application/json; charset=utf-8
host: localhost:16377
accept: */*

Response DefaultHttpResponse(decodeResult: success, version: HTTP/1.1)
HTTP/1.1 200 OK
Content-Length: 88
Content-Type: application/json; charset=utf-8
cache-control: no-cache

[DEBUG] Adding key: http://localhost:16377 for channel [id: 0x9b7e950f, L:/127.0.0.1:59689 - R:localhost/127.0.0.1:16377]
[DEBUG] Using pooled Channel '[id: 0x9b7e950f, L:/127.0.0.1:59689 - R:localhost/127.0.0.1:16377]' for 'POST' to 'http://localhost:16377/session/3d9ce75e9c77293a1ee002ab136f535b/element/974ff3c2-8423-4bfb-bf06-1a3b85ab29c1/clear'
[DEBUG] Using open Channel [id: 0x9b7e950f, L:/127.0.0.1:59689 - R:localhost/127.0.0.1:16377] for POST '/session/3d9ce75e9c77293a1ee002ab136f535b/element/974ff3c2-8423-4bfb-bf06-1a3b85ab29c1/clear'
[DEBUG] 

Request DefaultHttpRequest(decodeResult: success, version: HTTP/1.1)
POST /session/3d9ce75e9c77293a1ee002ab136f535b/element/974ff3c2-8423-4bfb-bf06-1a3b85ab29c1/clear HTTP/1.1
User-Agent: selenium/4.8.1 (java windows)
Content-Length: 50
Content-Type: application/json; charset=utf-8
host: localhost:16377
accept: */*

Response DefaultHttpResponse(decodeResult: success, version: HTTP/1.1)
HTTP/1.1 200 OK
Content-Length: 14
Content-Type: application/json; charset=utf-8
cache-control: no-cache

[DEBUG] Adding key: http://localhost:16377 for channel [id: 0x9b7e950f, L:/127.0.0.1:59689 - R:localhost/127.0.0.1:16377]
[DEBUG] Using pooled Channel '[id: 0x9b7e950f, L:/127.0.0.1:59689 - R:localhost/127.0.0.1:16377]' for 'POST' to 'http://localhost:16377/session/3d9ce75e9c77293a1ee002ab136f535b/element'
[DEBUG] Using open Channel [id: 0x9b7e950f, L:/127.0.0.1:59689 - R:localhost/127.0.0.1:16377] for POST '/session/3d9ce75e9c77293a1ee002ab136f535b/element'
[DEBUG] 

Request DefaultHttpRequest(decodeResult: success, version: HTTP/1.1)
POST /session/3d9ce75e9c77293a1ee002ab136f535b/element HTTP/1.1
User-Agent: selenium/4.8.1 (java windows)
Content-Length: 50
Content-Type: application/json; charset=utf-8
host: localhost:16377
accept: */*

Response DefaultHttpResponse(decodeResult: success, version: HTTP/1.1)
HTTP/1.1 200 OK
Content-Length: 88
Content-Type: application/json; charset=utf-8
cache-control: no-cache

[DEBUG] Adding key: http://localhost:16377 for channel [id: 0x9b7e950f, L:/127.0.0.1:59689 - R:localhost/127.0.0.1:16377]
[DEBUG] Using pooled Channel '[id: 0x9b7e950f, L:/127.0.0.1:59689 - R:localhost/127.0.0.1:16377]' for 'POST' to 'http://localhost:16377/session/3d9ce75e9c77293a1ee002ab136f535b/element/974ff3c2-8423-4bfb-bf06-1a3b85ab29c1/value'
[DEBUG] Using open Channel [id: 0x9b7e950f, L:/127.0.0.1:59689 - R:localhost/127.0.0.1:16377] for POST '/session/3d9ce75e9c77293a1ee002ab136f535b/element/974ff3c2-8423-4bfb-bf06-1a3b85ab29c1/value'
[DEBUG] 

Request DefaultHttpRequest(decodeResult: success, version: HTTP/1.1)
POST /session/3d9ce75e9c77293a1ee002ab136f535b/element/974ff3c2-8423-4bfb-bf06-1a3b85ab29c1/value HTTP/1.1
User-Agent: selenium/4.8.1 (java windows)
Content-Length: 271
Content-Type: application/json; charset=utf-8
host: localhost:16377
accept: */*

Response DefaultHttpResponse(decodeResult: success, version: HTTP/1.1)
HTTP/1.1 200 OK
Content-Length: 14
Content-Type: application/json; charset=utf-8
cache-control: no-cache

[DEBUG] Adding key: http://localhost:16377 for channel [id: 0x9b7e950f, L:/127.0.0.1:59689 - R:localhost/127.0.0.1:16377]
[DEBUG] Using pooled Channel '[id: 0x9b7e950f, L:/127.0.0.1:59689 - R:localhost/127.0.0.1:16377]' for 'POST' to 'http://localhost:16377/session/3d9ce75e9c77293a1ee002ab136f535b/element'
[DEBUG] Using open Channel [id: 0x9b7e950f, L:/127.0.0.1:59689 - R:localhost/127.0.0.1:16377] for POST '/session/3d9ce75e9c77293a1ee002ab136f535b/element'
[DEBUG] 

Request DefaultHttpRequest(decodeResult: success, version: HTTP/1.1)
POST /session/3d9ce75e9c77293a1ee002ab136f535b/element HTTP/1.1
User-Agent: selenium/4.8.1 (java windows)
Content-Length: 53
Content-Type: application/json; charset=utf-8
host: localhost:16377
accept: */*

Response DefaultHttpResponse(decodeResult: success, version: HTTP/1.1)
HTTP/1.1 200 OK
Content-Length: 88
Content-Type: application/json; charset=utf-8
cache-control: no-cache

[DEBUG] Adding key: http://localhost:16377 for channel [id: 0x9b7e950f, L:/127.0.0.1:59689 - R:localhost/127.0.0.1:16377]
[DEBUG] Using pooled Channel '[id: 0x9b7e950f, L:/127.0.0.1:59689 - R:localhost/127.0.0.1:16377]' for 'POST' to 'http://localhost:16377/session/3d9ce75e9c77293a1ee002ab136f535b/element/3392ae98-99a9-444e-b167-604a7f80b6d4/clear'
[DEBUG] Using open Channel [id: 0x9b7e950f, L:/127.0.0.1:59689 - R:localhost/127.0.0.1:16377] for POST '/session/3d9ce75e9c77293a1ee002ab136f535b/element/3392ae98-99a9-444e-b167-604a7f80b6d4/clear'
[DEBUG] 

Request DefaultHttpRequest(decodeResult: success, version: HTTP/1.1)
POST /session/3d9ce75e9c77293a1ee002ab136f535b/element/3392ae98-99a9-444e-b167-604a7f80b6d4/clear HTTP/1.1
User-Agent: selenium/4.8.1 (java windows)
Content-Length: 50
Content-Type: application/json; charset=utf-8
host: localhost:16377
accept: */*

Response DefaultHttpResponse(decodeResult: success, version: HTTP/1.1)
HTTP/1.1 200 OK
Content-Length: 14
Content-Type: application/json; charset=utf-8
cache-control: no-cache

[DEBUG] Adding key: http://localhost:16377 for channel [id: 0x9b7e950f, L:/127.0.0.1:59689 - R:localhost/127.0.0.1:16377]
[DEBUG] Using pooled Channel '[id: 0x9b7e950f, L:/127.0.0.1:59689 - R:localhost/127.0.0.1:16377]' for 'POST' to 'http://localhost:16377/session/3d9ce75e9c77293a1ee002ab136f535b/element'
[DEBUG] Using open Channel [id: 0x9b7e950f, L:/127.0.0.1:59689 - R:localhost/127.0.0.1:16377] for POST '/session/3d9ce75e9c77293a1ee002ab136f535b/element'
[DEBUG] 

Request DefaultHttpRequest(decodeResult: success, version: HTTP/1.1)
POST /session/3d9ce75e9c77293a1ee002ab136f535b/element HTTP/1.1
User-Agent: selenium/4.8.1 (java windows)
Content-Length: 53
Content-Type: application/json; charset=utf-8
host: localhost:16377
accept: */*

Response DefaultHttpResponse(decodeResult: success, version: HTTP/1.1)
HTTP/1.1 200 OK
Content-Length: 88
Content-Type: application/json; charset=utf-8
cache-control: no-cache

[DEBUG] Adding key: http://localhost:16377 for channel [id: 0x9b7e950f, L:/127.0.0.1:59689 - R:localhost/127.0.0.1:16377]
[DEBUG] Using pooled Channel '[id: 0x9b7e950f, L:/127.0.0.1:59689 - R:localhost/127.0.0.1:16377]' for 'POST' to 'http://localhost:16377/session/3d9ce75e9c77293a1ee002ab136f535b/element/3392ae98-99a9-444e-b167-604a7f80b6d4/value'
[DEBUG] Using open Channel [id: 0x9b7e950f, L:/127.0.0.1:59689 - R:localhost/127.0.0.1:16377] for POST '/session/3d9ce75e9c77293a1ee002ab136f535b/element/3392ae98-99a9-444e-b167-604a7f80b6d4/value'
[DEBUG] 

Request DefaultHttpRequest(decodeResult: success, version: HTTP/1.1)
POST /session/3d9ce75e9c77293a1ee002ab136f535b/element/3392ae98-99a9-444e-b167-604a7f80b6d4/value HTTP/1.1
User-Agent: selenium/4.8.1 (java windows)
Content-Length: 131
Content-Type: application/json; charset=utf-8
host: localhost:16377
accept: */*

Response DefaultHttpResponse(decodeResult: success, version: HTTP/1.1)
HTTP/1.1 200 OK
Content-Length: 14
Content-Type: application/json; charset=utf-8
cache-control: no-cache

[DEBUG] Adding key: http://localhost:16377 for channel [id: 0x9b7e950f, L:/127.0.0.1:59689 - R:localhost/127.0.0.1:16377]
  And User enters Email as "admin@yourstore.com" and Password as "admin"                  # StepDefination.StepDef.user_enters_email_as_and_password_as(java.lang.String,java.lang.String)
[DEBUG] Using pooled Channel '[id: 0x9b7e950f, L:/127.0.0.1:59689 - R:localhost/127.0.0.1:16377]' for 'POST' to 'http://localhost:16377/session/3d9ce75e9c77293a1ee002ab136f535b/element'
[DEBUG] Using open Channel [id: 0x9b7e950f, L:/127.0.0.1:59689 - R:localhost/127.0.0.1:16377] for POST '/session/3d9ce75e9c77293a1ee002ab136f535b/element'
[DEBUG] Entry count for : http://localhost:59690 : 1
[DEBUG] 

Request DefaultHttpRequest(decodeResult: success, version: HTTP/1.1)
POST /session/3d9ce75e9c77293a1ee002ab136f535b/element HTTP/1.1
User-Agent: selenium/4.8.1 (java windows)
Content-Length: 71
Content-Type: application/json; charset=utf-8
host: localhost:16377
accept: */*

Response DefaultHttpResponse(decodeResult: success, version: HTTP/1.1)
HTTP/1.1 200 OK
Content-Length: 88
Content-Type: application/json; charset=utf-8
cache-control: no-cache

[DEBUG] Adding key: http://localhost:16377 for channel [id: 0x9b7e950f, L:/127.0.0.1:59689 - R:localhost/127.0.0.1:16377]
[DEBUG] Using pooled Channel '[id: 0x9b7e950f, L:/127.0.0.1:59689 - R:localhost/127.0.0.1:16377]' for 'POST' to 'http://localhost:16377/session/3d9ce75e9c77293a1ee002ab136f535b/element/93c544a6-db25-4821-a82d-b51e7a6d66fa/click'
[DEBUG] Using open Channel [id: 0x9b7e950f, L:/127.0.0.1:59689 - R:localhost/127.0.0.1:16377] for POST '/session/3d9ce75e9c77293a1ee002ab136f535b/element/93c544a6-db25-4821-a82d-b51e7a6d66fa/click'
[DEBUG] Entry count for : http://localhost:59690 : 1
[DEBUG] 

Request DefaultHttpRequest(decodeResult: success, version: HTTP/1.1)
POST /session/3d9ce75e9c77293a1ee002ab136f535b/element/93c544a6-db25-4821-a82d-b51e7a6d66fa/click HTTP/1.1
User-Agent: selenium/4.8.1 (java windows)
Content-Length: 50
Content-Type: application/json; charset=utf-8
host: localhost:16377
accept: */*

Response DefaultHttpResponse(decodeResult: success, version: HTTP/1.1)
HTTP/1.1 200 OK
Content-Length: 14
Content-Type: application/json; charset=utf-8
cache-control: no-cache

[DEBUG] Adding key: http://localhost:16377 for channel [id: 0x9b7e950f, L:/127.0.0.1:59689 - R:localhost/127.0.0.1:16377]
  And Click on Login                                                                      # StepDefination.StepDef.click_on_login()
[DEBUG] Using pooled Channel '[id: 0x9b7e950f, L:/127.0.0.1:59689 - R:localhost/127.0.0.1:16377]' for 'GET' to 'http://localhost:16377/session/3d9ce75e9c77293a1ee002ab136f535b/title'
[DEBUG] Using open Channel [id: 0x9b7e950f, L:/127.0.0.1:59689 - R:localhost/127.0.0.1:16377] for GET '/session/3d9ce75e9c77293a1ee002ab136f535b/title'
[DEBUG] 

Request DefaultFullHttpRequest(decodeResult: success, version: HTTP/1.1, content: EmptyByteBufBE)
GET /session/3d9ce75e9c77293a1ee002ab136f535b/title HTTP/1.1
User-Agent: selenium/4.8.1 (java windows)
Cache-Control: no-cache
Content-Type: application/json; charset=utf-8
host: localhost:16377
accept: */*

Response DefaultHttpResponse(decodeResult: success, version: HTTP/1.1)
HTTP/1.1 200 OK
Content-Length: 50
Content-Type: application/json; charset=utf-8
cache-control: no-cache

[DEBUG] Adding key: http://localhost:16377 for channel [id: 0x9b7e950f, L:/127.0.0.1:59689 - R:localhost/127.0.0.1:16377]
  Then User can view Dashboad                                                             # StepDefination.StepDef.user_can_view_dashboad()
[DEBUG] Entry count for : http://localhost:59690 : 1
[DEBUG] Entry count for : http://localhost:16377 : 1
[DEBUG] Entry count for : http://localhost:59690 : 1
[DEBUG] Entry count for : http://localhost:16377 : 1
[DEBUG] Entry count for : http://localhost:59690 : 1
[DEBUG] Entry count for : http://localhost:16377 : 1
[DEBUG] Using pooled Channel '[id: 0x9b7e950f, L:/127.0.0.1:59689 - R:localhost/127.0.0.1:16377]' for 'POST' to 'http://localhost:16377/session/3d9ce75e9c77293a1ee002ab136f535b/element'
[DEBUG] Using open Channel [id: 0x9b7e950f, L:/127.0.0.1:59689 - R:localhost/127.0.0.1:16377] for POST '/session/3d9ce75e9c77293a1ee002ab136f535b/element'
[DEBUG] 

Request DefaultHttpRequest(decodeResult: success, version: HTTP/1.1)
POST /session/3d9ce75e9c77293a1ee002ab136f535b/element HTTP/1.1
User-Agent: selenium/4.8.1 (java windows)
Content-Length: 104
Content-Type: application/json; charset=utf-8
host: localhost:16377
accept: */*

Response DefaultHttpResponse(decodeResult: success, version: HTTP/1.1)
HTTP/1.1 200 OK
Content-Length: 88
Content-Type: application/json; charset=utf-8
cache-control: no-cache

[DEBUG] Adding key: http://localhost:16377 for channel [id: 0x9b7e950f, L:/127.0.0.1:59689 - R:localhost/127.0.0.1:16377]
[DEBUG] Using pooled Channel '[id: 0x9b7e950f, L:/127.0.0.1:59689 - R:localhost/127.0.0.1:16377]' for 'POST' to 'http://localhost:16377/session/3d9ce75e9c77293a1ee002ab136f535b/element/a4aad342-ccac-4af5-90eb-0b92cc1dfb58/click'
[DEBUG] Using open Channel [id: 0x9b7e950f, L:/127.0.0.1:59689 - R:localhost/127.0.0.1:16377] for POST '/session/3d9ce75e9c77293a1ee002ab136f535b/element/a4aad342-ccac-4af5-90eb-0b92cc1dfb58/click'
[DEBUG] 

Request DefaultHttpRequest(decodeResult: success, version: HTTP/1.1)
POST /session/3d9ce75e9c77293a1ee002ab136f535b/element/a4aad342-ccac-4af5-90eb-0b92cc1dfb58/click HTTP/1.1
User-Agent: selenium/4.8.1 (java windows)
Content-Length: 50
Content-Type: application/json; charset=utf-8
host: localhost:16377
accept: */*

Response DefaultHttpResponse(decodeResult: success, version: HTTP/1.1)
HTTP/1.1 200 OK
Content-Length: 14
Content-Type: application/json; charset=utf-8
cache-control: no-cache

[DEBUG] Adding key: http://localhost:16377 for channel [id: 0x9b7e950f, L:/127.0.0.1:59689 - R:localhost/127.0.0.1:16377]
[DEBUG] Entry count for : http://localhost:59690 : 1
[DEBUG] Entry count for : http://localhost:16377 : 1
[DEBUG] Entry count for : http://localhost:59690 : 1
[DEBUG] Entry count for : http://localhost:16377 : 1
  When User click on customers Menu                                                       # StepDefination.StepDef.user_click_on_customers_menu()
[DEBUG] Using pooled Channel '[id: 0x9b7e950f, L:/127.0.0.1:59689 - R:localhost/127.0.0.1:16377]' for 'POST' to 'http://localhost:16377/session/3d9ce75e9c77293a1ee002ab136f535b/element'
[DEBUG] Using open Channel [id: 0x9b7e950f, L:/127.0.0.1:59689 - R:localhost/127.0.0.1:16377] for POST '/session/3d9ce75e9c77293a1ee002ab136f535b/element'
[DEBUG] 

Request DefaultHttpRequest(decodeResult: success, version: HTTP/1.1)
POST /session/3d9ce75e9c77293a1ee002ab136f535b/element HTTP/1.1
User-Agent: selenium/4.8.1 (java windows)
Content-Length: 138
Content-Type: application/json; charset=utf-8
host: localhost:16377
accept: */*

Response DefaultHttpResponse(decodeResult: success, version: HTTP/1.1)
HTTP/1.1 200 OK
Content-Length: 88
Content-Type: application/json; charset=utf-8
cache-control: no-cache

[DEBUG] Adding key: http://localhost:16377 for channel [id: 0x9b7e950f, L:/127.0.0.1:59689 - R:localhost/127.0.0.1:16377]
[DEBUG] Using pooled Channel '[id: 0x9b7e950f, L:/127.0.0.1:59689 - R:localhost/127.0.0.1:16377]' for 'POST' to 'http://localhost:16377/session/3d9ce75e9c77293a1ee002ab136f535b/element/66f24c80-1e5c-45e6-b9b9-39cad245922d/click'
[DEBUG] Using open Channel [id: 0x9b7e950f, L:/127.0.0.1:59689 - R:localhost/127.0.0.1:16377] for POST '/session/3d9ce75e9c77293a1ee002ab136f535b/element/66f24c80-1e5c-45e6-b9b9-39cad245922d/click'
[DEBUG] Entry count for : http://localhost:59690 : 1
[DEBUG] 

Request DefaultHttpRequest(decodeResult: success, version: HTTP/1.1)
POST /session/3d9ce75e9c77293a1ee002ab136f535b/element/66f24c80-1e5c-45e6-b9b9-39cad245922d/click HTTP/1.1
User-Agent: selenium/4.8.1 (java windows)
Content-Length: 50
Content-Type: application/json; charset=utf-8
host: localhost:16377
accept: */*

Response DefaultHttpResponse(decodeResult: success, version: HTTP/1.1)
HTTP/1.1 200 OK
Content-Length: 14
Content-Type: application/json; charset=utf-8
cache-control: no-cache

[DEBUG] Adding key: http://localhost:16377 for channel [id: 0x9b7e950f, L:/127.0.0.1:59689 - R:localhost/127.0.0.1:16377]
[DEBUG] Entry count for : http://localhost:59690 : 1
[DEBUG] Entry count for : http://localhost:16377 : 1
  And click on customers Menu Item                                                        # StepDefination.StepDef.click_on_customers_menu_item()
[DEBUG] Using pooled Channel '[id: 0x9b7e950f, L:/127.0.0.1:59689 - R:localhost/127.0.0.1:16377]' for 'POST' to 'http://localhost:16377/session/3d9ce75e9c77293a1ee002ab136f535b/element'
[DEBUG] Using open Channel [id: 0x9b7e950f, L:/127.0.0.1:59689 - R:localhost/127.0.0.1:16377] for POST '/session/3d9ce75e9c77293a1ee002ab136f535b/element'
[DEBUG] 

Request DefaultHttpRequest(decodeResult: success, version: HTTP/1.1)
POST /session/3d9ce75e9c77293a1ee002ab136f535b/element HTTP/1.1
User-Agent: selenium/4.8.1 (java windows)
Content-Length: 76
Content-Type: application/json; charset=utf-8
host: localhost:16377
accept: */*

Response DefaultHttpResponse(decodeResult: success, version: HTTP/1.1)
HTTP/1.1 200 OK
Content-Length: 88
Content-Type: application/json; charset=utf-8
cache-control: no-cache

[DEBUG] Adding key: http://localhost:16377 for channel [id: 0x9b7e950f, L:/127.0.0.1:59689 - R:localhost/127.0.0.1:16377]
[DEBUG] Using pooled Channel '[id: 0x9b7e950f, L:/127.0.0.1:59689 - R:localhost/127.0.0.1:16377]' for 'POST' to 'http://localhost:16377/session/3d9ce75e9c77293a1ee002ab136f535b/element/cee4775c-9ca2-4a44-a5b4-b04f1b6bdf30/click'
[DEBUG] Using open Channel [id: 0x9b7e950f, L:/127.0.0.1:59689 - R:localhost/127.0.0.1:16377] for POST '/session/3d9ce75e9c77293a1ee002ab136f535b/element/cee4775c-9ca2-4a44-a5b4-b04f1b6bdf30/click'
[DEBUG] Entry count for : http://localhost:59690 : 1
[DEBUG] 

Request DefaultHttpRequest(decodeResult: success, version: HTTP/1.1)
POST /session/3d9ce75e9c77293a1ee002ab136f535b/element/cee4775c-9ca2-4a44-a5b4-b04f1b6bdf30/click HTTP/1.1
User-Agent: selenium/4.8.1 (java windows)
Content-Length: 50
Content-Type: application/json; charset=utf-8
host: localhost:16377
accept: */*

Response DefaultHttpResponse(decodeResult: success, version: HTTP/1.1)
HTTP/1.1 200 OK
Content-Length: 14
Content-Type: application/json; charset=utf-8
cache-control: no-cache

[DEBUG] Adding key: http://localhost:16377 for channel [id: 0x9b7e950f, L:/127.0.0.1:59689 - R:localhost/127.0.0.1:16377]
  And click on Add new button                                                             # StepDefination.StepDef.click_on_add_new_button()
[DEBUG] Using pooled Channel '[id: 0x9b7e950f, L:/127.0.0.1:59689 - R:localhost/127.0.0.1:16377]' for 'GET' to 'http://localhost:16377/session/3d9ce75e9c77293a1ee002ab136f535b/title'
[DEBUG] Using open Channel [id: 0x9b7e950f, L:/127.0.0.1:59689 - R:localhost/127.0.0.1:16377] for GET '/session/3d9ce75e9c77293a1ee002ab136f535b/title'
[DEBUG] 

Request DefaultFullHttpRequest(decodeResult: success, version: HTTP/1.1, content: EmptyByteBufBE)
GET /session/3d9ce75e9c77293a1ee002ab136f535b/title HTTP/1.1
User-Agent: selenium/4.8.1 (java windows)
Cache-Control: no-cache
Content-Type: application/json; charset=utf-8
host: localhost:16377
accept: */*

Response DefaultHttpResponse(decodeResult: success, version: HTTP/1.1)
HTTP/1.1 200 OK
Content-Length: 59
Content-Type: application/json; charset=utf-8
cache-control: no-cache

[DEBUG] Adding key: http://localhost:16377 for channel [id: 0x9b7e950f, L:/127.0.0.1:59689 - R:localhost/127.0.0.1:16377]
  Then User can view Add new customer page                                                # StepDefination.StepDef.user_can_view_add_new_customer_page()
[DEBUG] Entry count for : http://localhost:59690 : 1
[DEBUG] Entry count for : http://localhost:16377 : 1
[DEBUG] Entry count for : http://localhost:59690 : 1
[DEBUG] Entry count for : http://localhost:16377 : 1
[DEBUG] Using pooled Channel '[id: 0x9b7e950f, L:/127.0.0.1:59689 - R:localhost/127.0.0.1:16377]' for 'POST' to 'http://localhost:16377/session/3d9ce75e9c77293a1ee002ab136f535b/element'
[DEBUG] Using open Channel [id: 0x9b7e950f, L:/127.0.0.1:59689 - R:localhost/127.0.0.1:16377] for POST '/session/3d9ce75e9c77293a1ee002ab136f535b/element'
[DEBUG] 

Request DefaultHttpRequest(decodeResult: success, version: HTTP/1.1)
POST /session/3d9ce75e9c77293a1ee002ab136f535b/element HTTP/1.1
User-Agent: selenium/4.8.1 (java windows)
Content-Length: 67
Content-Type: application/json; charset=utf-8
host: localhost:16377
accept: */*

Response DefaultHttpResponse(decodeResult: success, version: HTTP/1.1)
HTTP/1.1 200 OK
Content-Length: 88
Content-Type: application/json; charset=utf-8
cache-control: no-cache

[DEBUG] Adding key: http://localhost:16377 for channel [id: 0x9b7e950f, L:/127.0.0.1:59689 - R:localhost/127.0.0.1:16377]
[DEBUG] Using pooled Channel '[id: 0x9b7e950f, L:/127.0.0.1:59689 - R:localhost/127.0.0.1:16377]' for 'POST' to 'http://localhost:16377/session/3d9ce75e9c77293a1ee002ab136f535b/element/5b601202-830f-4411-a3c2-63b0386fa86b/value'
[DEBUG] Using open Channel [id: 0x9b7e950f, L:/127.0.0.1:59689 - R:localhost/127.0.0.1:16377] for POST '/session/3d9ce75e9c77293a1ee002ab136f535b/element/5b601202-830f-4411-a3c2-63b0386fa86b/value'
[DEBUG] 

Request DefaultHttpRequest(decodeResult: success, version: HTTP/1.1)
POST /session/3d9ce75e9c77293a1ee002ab136f535b/element/5b601202-830f-4411-a3c2-63b0386fa86b/value HTTP/1.1
User-Agent: selenium/4.8.1 (java windows)
Content-Length: 231
Content-Type: application/json; charset=utf-8
host: localhost:16377
accept: */*

Response DefaultHttpResponse(decodeResult: success, version: HTTP/1.1)
HTTP/1.1 200 OK
Content-Length: 14
Content-Type: application/json; charset=utf-8
cache-control: no-cache

[DEBUG] Adding key: http://localhost:16377 for channel [id: 0x9b7e950f, L:/127.0.0.1:59689 - R:localhost/127.0.0.1:16377]
[DEBUG] Using pooled Channel '[id: 0x9b7e950f, L:/127.0.0.1:59689 - R:localhost/127.0.0.1:16377]' for 'POST' to 'http://localhost:16377/session/3d9ce75e9c77293a1ee002ab136f535b/element'
[DEBUG] Using open Channel [id: 0x9b7e950f, L:/127.0.0.1:59689 - R:localhost/127.0.0.1:16377] for POST '/session/3d9ce75e9c77293a1ee002ab136f535b/element'
[DEBUG] 

Request DefaultHttpRequest(decodeResult: success, version: HTTP/1.1)
POST /session/3d9ce75e9c77293a1ee002ab136f535b/element HTTP/1.1
User-Agent: selenium/4.8.1 (java windows)
Content-Length: 70
Content-Type: application/json; charset=utf-8
host: localhost:16377
accept: */*

Response DefaultHttpResponse(decodeResult: success, version: HTTP/1.1)
HTTP/1.1 200 OK
Content-Length: 88
Content-Type: application/json; charset=utf-8
cache-control: no-cache

[DEBUG] Adding key: http://localhost:16377 for channel [id: 0x9b7e950f, L:/127.0.0.1:59689 - R:localhost/127.0.0.1:16377]
[DEBUG] Using pooled Channel '[id: 0x9b7e950f, L:/127.0.0.1:59689 - R:localhost/127.0.0.1:16377]' for 'POST' to 'http://localhost:16377/session/3d9ce75e9c77293a1ee002ab136f535b/element/1647e424-cdf1-4d28-acab-6e485f41ecb3/value'
[DEBUG] Using open Channel [id: 0x9b7e950f, L:/127.0.0.1:59689 - R:localhost/127.0.0.1:16377] for POST '/session/3d9ce75e9c77293a1ee002ab136f535b/element/1647e424-cdf1-4d28-acab-6e485f41ecb3/value'
[DEBUG] 

Request DefaultHttpRequest(decodeResult: success, version: HTTP/1.1)
POST /session/3d9ce75e9c77293a1ee002ab136f535b/element/1647e424-cdf1-4d28-acab-6e485f41ecb3/value HTTP/1.1
User-Agent: selenium/4.8.1 (java windows)
Content-Length: 131
Content-Type: application/json; charset=utf-8
host: localhost:16377
accept: */*

Response DefaultHttpResponse(decodeResult: success, version: HTTP/1.1)
HTTP/1.1 200 OK
Content-Length: 14
Content-Type: application/json; charset=utf-8
cache-control: no-cache

[DEBUG] Adding key: http://localhost:16377 for channel [id: 0x9b7e950f, L:/127.0.0.1:59689 - R:localhost/127.0.0.1:16377]
[DEBUG] Using pooled Channel '[id: 0x9b7e950f, L:/127.0.0.1:59689 - R:localhost/127.0.0.1:16377]' for 'POST' to 'http://localhost:16377/session/3d9ce75e9c77293a1ee002ab136f535b/element'
[DEBUG] Using open Channel [id: 0x9b7e950f, L:/127.0.0.1:59689 - R:localhost/127.0.0.1:16377] for POST '/session/3d9ce75e9c77293a1ee002ab136f535b/element'
[DEBUG] 

Request DefaultHttpRequest(decodeResult: success, version: HTTP/1.1)
POST /session/3d9ce75e9c77293a1ee002ab136f535b/element HTTP/1.1
User-Agent: selenium/4.8.1 (java windows)
Content-Length: 71
Content-Type: application/json; charset=utf-8
host: localhost:16377
accept: */*

Response DefaultHttpResponse(decodeResult: success, version: HTTP/1.1)
HTTP/1.1 200 OK
Content-Length: 88
Content-Type: application/json; charset=utf-8
cache-control: no-cache

[DEBUG] Adding key: http://localhost:16377 for channel [id: 0x9b7e950f, L:/127.0.0.1:59689 - R:localhost/127.0.0.1:16377]
[DEBUG] Using pooled Channel '[id: 0x9b7e950f, L:/127.0.0.1:59689 - R:localhost/127.0.0.1:16377]' for 'POST' to 'http://localhost:16377/session/3d9ce75e9c77293a1ee002ab136f535b/element/968af365-f4e4-408e-a4a1-ab48dceefd10/value'
[DEBUG] Using open Channel [id: 0x9b7e950f, L:/127.0.0.1:59689 - R:localhost/127.0.0.1:16377] for POST '/session/3d9ce75e9c77293a1ee002ab136f535b/element/968af365-f4e4-408e-a4a1-ab48dceefd10/value'
[DEBUG] 

Request DefaultHttpRequest(decodeResult: success, version: HTTP/1.1)
POST /session/3d9ce75e9c77293a1ee002ab136f535b/element/968af365-f4e4-408e-a4a1-ab48dceefd10/value HTTP/1.1
User-Agent: selenium/4.8.1 (java windows)
Content-Length: 131
Content-Type: application/json; charset=utf-8
host: localhost:16377
accept: */*

Response DefaultHttpResponse(decodeResult: success, version: HTTP/1.1)
HTTP/1.1 200 OK
Content-Length: 14
Content-Type: application/json; charset=utf-8
cache-control: no-cache

[DEBUG] Adding key: http://localhost:16377 for channel [id: 0x9b7e950f, L:/127.0.0.1:59689 - R:localhost/127.0.0.1:16377]
[DEBUG] Using pooled Channel '[id: 0x9b7e950f, L:/127.0.0.1:59689 - R:localhost/127.0.0.1:16377]' for 'POST' to 'http://localhost:16377/session/3d9ce75e9c77293a1ee002ab136f535b/element'
[DEBUG] Using open Channel [id: 0x9b7e950f, L:/127.0.0.1:59689 - R:localhost/127.0.0.1:16377] for POST '/session/3d9ce75e9c77293a1ee002ab136f535b/element'
[DEBUG] 

Request DefaultHttpRequest(decodeResult: success, version: HTTP/1.1)
POST /session/3d9ce75e9c77293a1ee002ab136f535b/element HTTP/1.1
User-Agent: selenium/4.8.1 (java windows)
Content-Length: 70
Content-Type: application/json; charset=utf-8
host: localhost:16377
accept: */*

Response DefaultHttpResponse(decodeResult: success, version: HTTP/1.1)
HTTP/1.1 200 OK
Content-Length: 88
Content-Type: application/json; charset=utf-8
cache-control: no-cache

[DEBUG] Adding key: http://localhost:16377 for channel [id: 0x9b7e950f, L:/127.0.0.1:59689 - R:localhost/127.0.0.1:16377]
[DEBUG] Using pooled Channel '[id: 0x9b7e950f, L:/127.0.0.1:59689 - R:localhost/127.0.0.1:16377]' for 'POST' to 'http://localhost:16377/session/3d9ce75e9c77293a1ee002ab136f535b/element/eeebf435-7fbb-4565-90d6-f0a714f00d63/value'
[DEBUG] Using open Channel [id: 0x9b7e950f, L:/127.0.0.1:59689 - R:localhost/127.0.0.1:16377] for POST '/session/3d9ce75e9c77293a1ee002ab136f535b/element/eeebf435-7fbb-4565-90d6-f0a714f00d63/value'
[DEBUG] 

Request DefaultHttpRequest(decodeResult: success, version: HTTP/1.1)
POST /session/3d9ce75e9c77293a1ee002ab136f535b/element/eeebf435-7fbb-4565-90d6-f0a714f00d63/value HTTP/1.1
User-Agent: selenium/4.8.1 (java windows)
Content-Length: 111
Content-Type: application/json; charset=utf-8
host: localhost:16377
accept: */*

Response DefaultHttpResponse(decodeResult: success, version: HTTP/1.1)
HTTP/1.1 200 OK
Content-Length: 14
Content-Type: application/json; charset=utf-8
cache-control: no-cache

[DEBUG] Adding key: http://localhost:16377 for channel [id: 0x9b7e950f, L:/127.0.0.1:59689 - R:localhost/127.0.0.1:16377]
[DEBUG] Using pooled Channel '[id: 0x9b7e950f, L:/127.0.0.1:59689 - R:localhost/127.0.0.1:16377]' for 'POST' to 'http://localhost:16377/session/3d9ce75e9c77293a1ee002ab136f535b/element'
[DEBUG] Using open Channel [id: 0x9b7e950f, L:/127.0.0.1:59689 - R:localhost/127.0.0.1:16377] for POST '/session/3d9ce75e9c77293a1ee002ab136f535b/element'
[DEBUG] 

Request DefaultHttpRequest(decodeResult: success, version: HTTP/1.1)
POST /session/3d9ce75e9c77293a1ee002ab136f535b/element HTTP/1.1
User-Agent: selenium/4.8.1 (java windows)
Content-Length: 58
Content-Type: application/json; charset=utf-8
host: localhost:16377
accept: */*

Response DefaultHttpResponse(decodeResult: success, version: HTTP/1.1)
HTTP/1.1 200 OK
Content-Length: 88
Content-Type: application/json; charset=utf-8
cache-control: no-cache

[DEBUG] Adding key: http://localhost:16377 for channel [id: 0x9b7e950f, L:/127.0.0.1:59689 - R:localhost/127.0.0.1:16377]
[DEBUG] Using pooled Channel '[id: 0x9b7e950f, L:/127.0.0.1:59689 - R:localhost/127.0.0.1:16377]' for 'POST' to 'http://localhost:16377/session/3d9ce75e9c77293a1ee002ab136f535b/element/03d88130-1fa3-4722-bc1e-e8ee9c038171/click'
[DEBUG] Using open Channel [id: 0x9b7e950f, L:/127.0.0.1:59689 - R:localhost/127.0.0.1:16377] for POST '/session/3d9ce75e9c77293a1ee002ab136f535b/element/03d88130-1fa3-4722-bc1e-e8ee9c038171/click'
[DEBUG] 

Request DefaultHttpRequest(decodeResult: success, version: HTTP/1.1)
POST /session/3d9ce75e9c77293a1ee002ab136f535b/element/03d88130-1fa3-4722-bc1e-e8ee9c038171/click HTTP/1.1
User-Agent: selenium/4.8.1 (java windows)
Content-Length: 50
Content-Type: application/json; charset=utf-8
host: localhost:16377
accept: */*

Response DefaultHttpResponse(decodeResult: success, version: HTTP/1.1)
HTTP/1.1 200 OK
Content-Length: 14
Content-Type: application/json; charset=utf-8
cache-control: no-cache

[DEBUG] Adding key: http://localhost:16377 for channel [id: 0x9b7e950f, L:/127.0.0.1:59689 - R:localhost/127.0.0.1:16377]
[DEBUG] Using pooled Channel '[id: 0x9b7e950f, L:/127.0.0.1:59689 - R:localhost/127.0.0.1:16377]' for 'POST' to 'http://localhost:16377/session/3d9ce75e9c77293a1ee002ab136f535b/element'
[DEBUG] Using open Channel [id: 0x9b7e950f, L:/127.0.0.1:59689 - R:localhost/127.0.0.1:16377] for POST '/session/3d9ce75e9c77293a1ee002ab136f535b/element'
[DEBUG] 

Request DefaultHttpRequest(decodeResult: success, version: HTTP/1.1)
POST /session/3d9ce75e9c77293a1ee002ab136f535b/element HTTP/1.1
User-Agent: selenium/4.8.1 (java windows)
Content-Length: 73
Content-Type: application/json; charset=utf-8
host: localhost:16377
accept: */*

Response DefaultHttpResponse(decodeResult: success, version: HTTP/1.1)
HTTP/1.1 200 OK
Content-Length: 88
Content-Type: application/json; charset=utf-8
cache-control: no-cache

[DEBUG] Adding key: http://localhost:16377 for channel [id: 0x9b7e950f, L:/127.0.0.1:59689 - R:localhost/127.0.0.1:16377]
[DEBUG] Using pooled Channel '[id: 0x9b7e950f, L:/127.0.0.1:59689 - R:localhost/127.0.0.1:16377]' for 'POST' to 'http://localhost:16377/session/3d9ce75e9c77293a1ee002ab136f535b/element/c1e43f81-8c70-4c58-81e3-39e129ae41aa/value'
[DEBUG] Using open Channel [id: 0x9b7e950f, L:/127.0.0.1:59689 - R:localhost/127.0.0.1:16377] for POST '/session/3d9ce75e9c77293a1ee002ab136f535b/element/c1e43f81-8c70-4c58-81e3-39e129ae41aa/value'
[DEBUG] 

Request DefaultHttpRequest(decodeResult: success, version: HTTP/1.1)
POST /session/3d9ce75e9c77293a1ee002ab136f535b/element/c1e43f81-8c70-4c58-81e3-39e129ae41aa/value HTTP/1.1
User-Agent: selenium/4.8.1 (java windows)
Content-Length: 191
Content-Type: application/json; charset=utf-8
host: localhost:16377
accept: */*

Response DefaultHttpResponse(decodeResult: success, version: HTTP/1.1)
HTTP/1.1 200 OK
Content-Length: 14
Content-Type: application/json; charset=utf-8
cache-control: no-cache

[DEBUG] Adding key: http://localhost:16377 for channel [id: 0x9b7e950f, L:/127.0.0.1:59689 - R:localhost/127.0.0.1:16377]
[DEBUG] Using pooled Channel '[id: 0x9b7e950f, L:/127.0.0.1:59689 - R:localhost/127.0.0.1:16377]' for 'POST' to 'http://localhost:16377/session/3d9ce75e9c77293a1ee002ab136f535b/element'
[DEBUG] Using open Channel [id: 0x9b7e950f, L:/127.0.0.1:59689 - R:localhost/127.0.0.1:16377] for POST '/session/3d9ce75e9c77293a1ee002ab136f535b/element'
[DEBUG] 

Request DefaultHttpRequest(decodeResult: success, version: HTTP/1.1)
POST /session/3d9ce75e9c77293a1ee002ab136f535b/element HTTP/1.1
User-Agent: selenium/4.8.1 (java windows)
Content-Length: 69
Content-Type: application/json; charset=utf-8
host: localhost:16377
accept: */*

Response DefaultHttpResponse(decodeResult: success, version: HTTP/1.1)
HTTP/1.1 200 OK
Content-Length: 88
Content-Type: application/json; charset=utf-8
cache-control: no-cache

[DEBUG] Adding key: http://localhost:16377 for channel [id: 0x9b7e950f, L:/127.0.0.1:59689 - R:localhost/127.0.0.1:16377]
[DEBUG] Using pooled Channel '[id: 0x9b7e950f, L:/127.0.0.1:59689 - R:localhost/127.0.0.1:16377]' for 'POST' to 'http://localhost:16377/session/3d9ce75e9c77293a1ee002ab136f535b/element/4efa9131-c7f9-469f-be37-627f709de436/value'
[DEBUG] Using open Channel [id: 0x9b7e950f, L:/127.0.0.1:59689 - R:localhost/127.0.0.1:16377] for POST '/session/3d9ce75e9c77293a1ee002ab136f535b/element/4efa9131-c7f9-469f-be37-627f709de436/value'
[DEBUG] 

Request DefaultHttpRequest(decodeResult: success, version: HTTP/1.1)
POST /session/3d9ce75e9c77293a1ee002ab136f535b/element/4efa9131-c7f9-469f-be37-627f709de436/value HTTP/1.1
User-Agent: selenium/4.8.1 (java windows)
Content-Length: 141
Content-Type: application/json; charset=utf-8
host: localhost:16377
accept: */*

Response DefaultHttpResponse(decodeResult: success, version: HTTP/1.1)
HTTP/1.1 200 OK
Content-Length: 14
Content-Type: application/json; charset=utf-8
cache-control: no-cache

[DEBUG] Adding key: http://localhost:16377 for channel [id: 0x9b7e950f, L:/127.0.0.1:59689 - R:localhost/127.0.0.1:16377]
[DEBUG] Using pooled Channel '[id: 0x9b7e950f, L:/127.0.0.1:59689 - R:localhost/127.0.0.1:16377]' for 'POST' to 'http://localhost:16377/session/3d9ce75e9c77293a1ee002ab136f535b/element'
[DEBUG] Using open Channel [id: 0x9b7e950f, L:/127.0.0.1:59689 - R:localhost/127.0.0.1:16377] for POST '/session/3d9ce75e9c77293a1ee002ab136f535b/element'
[DEBUG] 

Request DefaultHttpRequest(decodeResult: success, version: HTTP/1.1)
POST /session/3d9ce75e9c77293a1ee002ab136f535b/element HTTP/1.1
User-Agent: selenium/4.8.1 (java windows)
Content-Length: 77
Content-Type: application/json; charset=utf-8
host: localhost:16377
accept: */*

Response DefaultHttpResponse(decodeResult: success, version: HTTP/1.1)
HTTP/1.1 200 OK
Content-Length: 88
Content-Type: application/json; charset=utf-8
cache-control: no-cache

[DEBUG] Adding key: http://localhost:16377 for channel [id: 0x9b7e950f, L:/127.0.0.1:59689 - R:localhost/127.0.0.1:16377]
[DEBUG] Using pooled Channel '[id: 0x9b7e950f, L:/127.0.0.1:59689 - R:localhost/127.0.0.1:16377]' for 'POST' to 'http://localhost:16377/session/3d9ce75e9c77293a1ee002ab136f535b/element/e8cb90d4-fc7e-45ab-a6b0-6c0a7b860f03/value'
[DEBUG] Using open Channel [id: 0x9b7e950f, L:/127.0.0.1:59689 - R:localhost/127.0.0.1:16377] for POST '/session/3d9ce75e9c77293a1ee002ab136f535b/element/e8cb90d4-fc7e-45ab-a6b0-6c0a7b860f03/value'
[DEBUG] 

Request DefaultHttpRequest(decodeResult: success, version: HTTP/1.1)
POST /session/3d9ce75e9c77293a1ee002ab136f535b/element/e8cb90d4-fc7e-45ab-a6b0-6c0a7b860f03/value HTTP/1.1
User-Agent: selenium/4.8.1 (java windows)
Content-Length: 211
Content-Type: application/json; charset=utf-8
host: localhost:16377
accept: */*

Response DefaultHttpResponse(decodeResult: success, version: HTTP/1.1)
HTTP/1.1 200 OK
Content-Length: 14
Content-Type: application/json; charset=utf-8
cache-control: no-cache

[DEBUG] Adding key: http://localhost:16377 for channel [id: 0x9b7e950f, L:/127.0.0.1:59689 - R:localhost/127.0.0.1:16377]
[DEBUG] Using pooled Channel '[id: 0x9b7e950f, L:/127.0.0.1:59689 - R:localhost/127.0.0.1:16377]' for 'POST' to 'http://localhost:16377/session/3d9ce75e9c77293a1ee002ab136f535b/element'
[DEBUG] Using open Channel [id: 0x9b7e950f, L:/127.0.0.1:59689 - R:localhost/127.0.0.1:16377] for POST '/session/3d9ce75e9c77293a1ee002ab136f535b/element'
[DEBUG] 

Request DefaultHttpRequest(decodeResult: success, version: HTTP/1.1)
POST /session/3d9ce75e9c77293a1ee002ab136f535b/element HTTP/1.1
User-Agent: selenium/4.8.1 (java windows)
Content-Length: 66
Content-Type: application/json; charset=utf-8
host: localhost:16377
accept: */*

Response DefaultHttpResponse(decodeResult: success, version: HTTP/1.1)
HTTP/1.1 200 OK
Content-Length: 88
Content-Type: application/json; charset=utf-8
cache-control: no-cache

[DEBUG] Adding key: http://localhost:16377 for channel [id: 0x9b7e950f, L:/127.0.0.1:59689 - R:localhost/127.0.0.1:16377]
[DEBUG] Using pooled Channel '[id: 0x9b7e950f, L:/127.0.0.1:59689 - R:localhost/127.0.0.1:16377]' for 'GET' to 'http://localhost:16377/session/3d9ce75e9c77293a1ee002ab136f535b/element/c95324d0-defe-4f02-b610-523b68772c72/name'
[DEBUG] Using open Channel [id: 0x9b7e950f, L:/127.0.0.1:59689 - R:localhost/127.0.0.1:16377] for GET '/session/3d9ce75e9c77293a1ee002ab136f535b/element/c95324d0-defe-4f02-b610-523b68772c72/name'
[DEBUG] 

Request DefaultFullHttpRequest(decodeResult: success, version: HTTP/1.1, content: EmptyByteBufBE)
GET /session/3d9ce75e9c77293a1ee002ab136f535b/element/c95324d0-defe-4f02-b610-523b68772c72/name HTTP/1.1
User-Agent: selenium/4.8.1 (java windows)
Cache-Control: no-cache
Content-Type: application/json; charset=utf-8
host: localhost:16377
accept: */*

Response DefaultHttpResponse(decodeResult: success, version: HTTP/1.1)
HTTP/1.1 200 OK
Content-Length: 18
Content-Type: application/json; charset=utf-8
cache-control: no-cache

[DEBUG] Adding key: http://localhost:16377 for channel [id: 0x9b7e950f, L:/127.0.0.1:59689 - R:localhost/127.0.0.1:16377]
[DEBUG] Using pooled Channel '[id: 0x9b7e950f, L:/127.0.0.1:59689 - R:localhost/127.0.0.1:16377]' for 'POST' to 'http://localhost:16377/session/3d9ce75e9c77293a1ee002ab136f535b/element'
[DEBUG] Using open Channel [id: 0x9b7e950f, L:/127.0.0.1:59689 - R:localhost/127.0.0.1:16377] for POST '/session/3d9ce75e9c77293a1ee002ab136f535b/element'
[DEBUG] 

Request DefaultHttpRequest(decodeResult: success, version: HTTP/1.1)
POST /session/3d9ce75e9c77293a1ee002ab136f535b/element HTTP/1.1
User-Agent: selenium/4.8.1 (java windows)
Content-Length: 66
Content-Type: application/json; charset=utf-8
host: localhost:16377
accept: */*

Response DefaultHttpResponse(decodeResult: success, version: HTTP/1.1)
HTTP/1.1 200 OK
Content-Length: 88
Content-Type: application/json; charset=utf-8
cache-control: no-cache

[DEBUG] Adding key: http://localhost:16377 for channel [id: 0x9b7e950f, L:/127.0.0.1:59689 - R:localhost/127.0.0.1:16377]
[DEBUG] Using pooled Channel '[id: 0x9b7e950f, L:/127.0.0.1:59689 - R:localhost/127.0.0.1:16377]' for 'GET' to 'http://localhost:16377/session/3d9ce75e9c77293a1ee002ab136f535b/element/c95324d0-defe-4f02-b610-523b68772c72/attribute/multiple'
[DEBUG] Using open Channel [id: 0x9b7e950f, L:/127.0.0.1:59689 - R:localhost/127.0.0.1:16377] for GET '/session/3d9ce75e9c77293a1ee002ab136f535b/element/c95324d0-defe-4f02-b610-523b68772c72/attribute/multiple'
[DEBUG] 

Request DefaultFullHttpRequest(decodeResult: success, version: HTTP/1.1, content: EmptyByteBufBE)
GET /session/3d9ce75e9c77293a1ee002ab136f535b/element/c95324d0-defe-4f02-b610-523b68772c72/attribute/multiple HTTP/1.1
User-Agent: selenium/4.8.1 (java windows)
Cache-Control: no-cache
Content-Type: application/json; charset=utf-8
host: localhost:16377
accept: */*

Response DefaultHttpResponse(decodeResult: success, version: HTTP/1.1)
HTTP/1.1 200 OK
Content-Length: 14
Content-Type: application/json; charset=utf-8
cache-control: no-cache

[DEBUG] Adding key: http://localhost:16377 for channel [id: 0x9b7e950f, L:/127.0.0.1:59689 - R:localhost/127.0.0.1:16377]
[DEBUG] Using pooled Channel '[id: 0x9b7e950f, L:/127.0.0.1:59689 - R:localhost/127.0.0.1:16377]' for 'POST' to 'http://localhost:16377/session/3d9ce75e9c77293a1ee002ab136f535b/element'
[DEBUG] Using open Channel [id: 0x9b7e950f, L:/127.0.0.1:59689 - R:localhost/127.0.0.1:16377] for POST '/session/3d9ce75e9c77293a1ee002ab136f535b/element'
[DEBUG] 

Request DefaultHttpRequest(decodeResult: success, version: HTTP/1.1)
POST /session/3d9ce75e9c77293a1ee002ab136f535b/element HTTP/1.1
User-Agent: selenium/4.8.1 (java windows)
Content-Length: 66
Content-Type: application/json; charset=utf-8
host: localhost:16377
accept: */*

Response DefaultHttpResponse(decodeResult: success, version: HTTP/1.1)
HTTP/1.1 200 OK
Content-Length: 88
Content-Type: application/json; charset=utf-8
cache-control: no-cache

[DEBUG] Adding key: http://localhost:16377 for channel [id: 0x9b7e950f, L:/127.0.0.1:59689 - R:localhost/127.0.0.1:16377]
[DEBUG] Using pooled Channel '[id: 0x9b7e950f, L:/127.0.0.1:59689 - R:localhost/127.0.0.1:16377]' for 'GET' to 'http://localhost:16377/session/3d9ce75e9c77293a1ee002ab136f535b/element/c95324d0-defe-4f02-b610-523b68772c72/enabled'
[DEBUG] Using open Channel [id: 0x9b7e950f, L:/127.0.0.1:59689 - R:localhost/127.0.0.1:16377] for GET '/session/3d9ce75e9c77293a1ee002ab136f535b/element/c95324d0-defe-4f02-b610-523b68772c72/enabled'
[DEBUG] 

Request DefaultFullHttpRequest(decodeResult: success, version: HTTP/1.1, content: EmptyByteBufBE)
GET /session/3d9ce75e9c77293a1ee002ab136f535b/element/c95324d0-defe-4f02-b610-523b68772c72/enabled HTTP/1.1
User-Agent: selenium/4.8.1 (java windows)
Cache-Control: no-cache
Content-Type: application/json; charset=utf-8
host: localhost:16377
accept: */*

Response DefaultHttpResponse(decodeResult: success, version: HTTP/1.1)
HTTP/1.1 200 OK
Content-Length: 14
Content-Type: application/json; charset=utf-8
cache-control: no-cache

[DEBUG] Adding key: http://localhost:16377 for channel [id: 0x9b7e950f, L:/127.0.0.1:59689 - R:localhost/127.0.0.1:16377]
[DEBUG] Using pooled Channel '[id: 0x9b7e950f, L:/127.0.0.1:59689 - R:localhost/127.0.0.1:16377]' for 'POST' to 'http://localhost:16377/session/3d9ce75e9c77293a1ee002ab136f535b/element'
[DEBUG] Using open Channel [id: 0x9b7e950f, L:/127.0.0.1:59689 - R:localhost/127.0.0.1:16377] for POST '/session/3d9ce75e9c77293a1ee002ab136f535b/element'
[DEBUG] 

Request DefaultHttpRequest(decodeResult: success, version: HTTP/1.1)
POST /session/3d9ce75e9c77293a1ee002ab136f535b/element HTTP/1.1
User-Agent: selenium/4.8.1 (java windows)
Content-Length: 66
Content-Type: application/json; charset=utf-8
host: localhost:16377
accept: */*

Response DefaultHttpResponse(decodeResult: success, version: HTTP/1.1)
HTTP/1.1 200 OK
Content-Length: 88
Content-Type: application/json; charset=utf-8
cache-control: no-cache

[DEBUG] Adding key: http://localhost:16377 for channel [id: 0x9b7e950f, L:/127.0.0.1:59689 - R:localhost/127.0.0.1:16377]
[DEBUG] Using pooled Channel '[id: 0x9b7e950f, L:/127.0.0.1:59689 - R:localhost/127.0.0.1:16377]' for 'POST' to 'http://localhost:16377/session/3d9ce75e9c77293a1ee002ab136f535b/element/c95324d0-defe-4f02-b610-523b68772c72/elements'
[DEBUG] Using open Channel [id: 0x9b7e950f, L:/127.0.0.1:59689 - R:localhost/127.0.0.1:16377] for POST '/session/3d9ce75e9c77293a1ee002ab136f535b/element/c95324d0-defe-4f02-b610-523b68772c72/elements'
[DEBUG] Entry count for : http://localhost:59690 : 1
[DEBUG] 

Request DefaultHttpRequest(decodeResult: success, version: HTTP/1.1)
POST /session/3d9ce75e9c77293a1ee002ab136f535b/element/c95324d0-defe-4f02-b610-523b68772c72/elements HTTP/1.1
User-Agent: selenium/4.8.1 (java windows)
Content-Length: 140
Content-Type: application/json; charset=utf-8
host: localhost:16377
accept: */*

Response DefaultHttpResponse(decodeResult: success, version: HTTP/1.1)
HTTP/1.1 200 OK
Content-Length: 12
Content-Type: application/json; charset=utf-8
cache-control: no-cache

[DEBUG] Adding key: http://localhost:16377 for channel [id: 0x9b7e950f, L:/127.0.0.1:59689 - R:localhost/127.0.0.1:16377]
[DEBUG] Using pooled Channel '[id: 0x9b7e950f, L:/127.0.0.1:59689 - R:localhost/127.0.0.1:16377]' for 'POST' to 'http://localhost:16377/session/3d9ce75e9c77293a1ee002ab136f535b/element'
[DEBUG] Using open Channel [id: 0x9b7e950f, L:/127.0.0.1:59689 - R:localhost/127.0.0.1:16377] for POST '/session/3d9ce75e9c77293a1ee002ab136f535b/element'
[DEBUG] 

Request DefaultHttpRequest(decodeResult: success, version: HTTP/1.1)
POST /session/3d9ce75e9c77293a1ee002ab136f535b/element HTTP/1.1
User-Agent: selenium/4.8.1 (java windows)
Content-Length: 66
Content-Type: application/json; charset=utf-8
host: localhost:16377
accept: */*

Response DefaultHttpResponse(decodeResult: success, version: HTTP/1.1)
HTTP/1.1 200 OK
Content-Length: 88
Content-Type: application/json; charset=utf-8
cache-control: no-cache

[DEBUG] Adding key: http://localhost:16377 for channel [id: 0x9b7e950f, L:/127.0.0.1:59689 - R:localhost/127.0.0.1:16377]
[DEBUG] Using pooled Channel '[id: 0x9b7e950f, L:/127.0.0.1:59689 - R:localhost/127.0.0.1:16377]' for 'POST' to 'http://localhost:16377/session/3d9ce75e9c77293a1ee002ab136f535b/element/c95324d0-defe-4f02-b610-523b68772c72/elements'
[DEBUG] Using open Channel [id: 0x9b7e950f, L:/127.0.0.1:59689 - R:localhost/127.0.0.1:16377] for POST '/session/3d9ce75e9c77293a1ee002ab136f535b/element/c95324d0-defe-4f02-b610-523b68772c72/elements'
[DEBUG] 

Request DefaultHttpRequest(decodeResult: success, version: HTTP/1.1)
POST /session/3d9ce75e9c77293a1ee002ab136f535b/element/c95324d0-defe-4f02-b610-523b68772c72/elements HTTP/1.1
User-Agent: selenium/4.8.1 (java windows)
Content-Length: 129
Content-Type: application/json; charset=utf-8
host: localhost:16377
accept: */*

Response DefaultHttpResponse(decodeResult: success, version: HTTP/1.1)
HTTP/1.1 200 OK
Content-Length: 169
Content-Type: application/json; charset=utf-8
cache-control: no-cache

[DEBUG] Adding key: http://localhost:16377 for channel [id: 0x9b7e950f, L:/127.0.0.1:59689 - R:localhost/127.0.0.1:16377]
[DEBUG] Using pooled Channel '[id: 0x9b7e950f, L:/127.0.0.1:59689 - R:localhost/127.0.0.1:16377]' for 'GET' to 'http://localhost:16377/session/3d9ce75e9c77293a1ee002ab136f535b/element/6c2e58c7-2e50-46a2-bdc5-42265dd2558c/text'
[DEBUG] Using open Channel [id: 0x9b7e950f, L:/127.0.0.1:59689 - R:localhost/127.0.0.1:16377] for GET '/session/3d9ce75e9c77293a1ee002ab136f535b/element/6c2e58c7-2e50-46a2-bdc5-42265dd2558c/text'
[DEBUG] 

Request DefaultFullHttpRequest(decodeResult: success, version: HTTP/1.1, content: EmptyByteBufBE)
GET /session/3d9ce75e9c77293a1ee002ab136f535b/element/6c2e58c7-2e50-46a2-bdc5-42265dd2558c/text HTTP/1.1
User-Agent: selenium/4.8.1 (java windows)
Cache-Control: no-cache
Content-Type: application/json; charset=utf-8
host: localhost:16377
accept: */*

Response DefaultHttpResponse(decodeResult: success, version: HTTP/1.1)
HTTP/1.1 200 OK
Content-Length: 20
Content-Type: application/json; charset=utf-8
cache-control: no-cache

[DEBUG] Adding key: http://localhost:16377 for channel [id: 0x9b7e950f, L:/127.0.0.1:59689 - R:localhost/127.0.0.1:16377]
[DEBUG] Using pooled Channel '[id: 0x9b7e950f, L:/127.0.0.1:59689 - R:localhost/127.0.0.1:16377]' for 'GET' to 'http://localhost:16377/session/3d9ce75e9c77293a1ee002ab136f535b/element/6c2e58c7-2e50-46a2-bdc5-42265dd2558c/enabled'
[DEBUG] Using open Channel [id: 0x9b7e950f, L:/127.0.0.1:59689 - R:localhost/127.0.0.1:16377] for GET '/session/3d9ce75e9c77293a1ee002ab136f535b/element/6c2e58c7-2e50-46a2-bdc5-42265dd2558c/enabled'
[DEBUG] 

Request DefaultFullHttpRequest(decodeResult: success, version: HTTP/1.1, content: EmptyByteBufBE)
GET /session/3d9ce75e9c77293a1ee002ab136f535b/element/6c2e58c7-2e50-46a2-bdc5-42265dd2558c/enabled HTTP/1.1
User-Agent: selenium/4.8.1 (java windows)
Cache-Control: no-cache
Content-Type: application/json; charset=utf-8
host: localhost:16377
accept: */*

Response DefaultHttpResponse(decodeResult: success, version: HTTP/1.1)
HTTP/1.1 200 OK
Content-Length: 14
Content-Type: application/json; charset=utf-8
cache-control: no-cache

[DEBUG] Adding key: http://localhost:16377 for channel [id: 0x9b7e950f, L:/127.0.0.1:59689 - R:localhost/127.0.0.1:16377]
[DEBUG] Using pooled Channel '[id: 0x9b7e950f, L:/127.0.0.1:59689 - R:localhost/127.0.0.1:16377]' for 'GET' to 'http://localhost:16377/session/3d9ce75e9c77293a1ee002ab136f535b/element/6c2e58c7-2e50-46a2-bdc5-42265dd2558c/selected'
[DEBUG] Using open Channel [id: 0x9b7e950f, L:/127.0.0.1:59689 - R:localhost/127.0.0.1:16377] for GET '/session/3d9ce75e9c77293a1ee002ab136f535b/element/6c2e58c7-2e50-46a2-bdc5-42265dd2558c/selected'
[DEBUG] 

Request DefaultFullHttpRequest(decodeResult: success, version: HTTP/1.1, content: EmptyByteBufBE)
GET /session/3d9ce75e9c77293a1ee002ab136f535b/element/6c2e58c7-2e50-46a2-bdc5-42265dd2558c/selected HTTP/1.1
User-Agent: selenium/4.8.1 (java windows)
Cache-Control: no-cache
Content-Type: application/json; charset=utf-8
host: localhost:16377
accept: */*

Response DefaultHttpResponse(decodeResult: success, version: HTTP/1.1)
HTTP/1.1 200 OK
Content-Length: 15
Content-Type: application/json; charset=utf-8
cache-control: no-cache

[DEBUG] Adding key: http://localhost:16377 for channel [id: 0x9b7e950f, L:/127.0.0.1:59689 - R:localhost/127.0.0.1:16377]
[DEBUG] Using pooled Channel '[id: 0x9b7e950f, L:/127.0.0.1:59689 - R:localhost/127.0.0.1:16377]' for 'POST' to 'http://localhost:16377/session/3d9ce75e9c77293a1ee002ab136f535b/element/6c2e58c7-2e50-46a2-bdc5-42265dd2558c/click'
[DEBUG] Using open Channel [id: 0x9b7e950f, L:/127.0.0.1:59689 - R:localhost/127.0.0.1:16377] for POST '/session/3d9ce75e9c77293a1ee002ab136f535b/element/6c2e58c7-2e50-46a2-bdc5-42265dd2558c/click'
[DEBUG] 

Request DefaultHttpRequest(decodeResult: success, version: HTTP/1.1)
POST /session/3d9ce75e9c77293a1ee002ab136f535b/element/6c2e58c7-2e50-46a2-bdc5-42265dd2558c/click HTTP/1.1
User-Agent: selenium/4.8.1 (java windows)
Content-Length: 50
Content-Type: application/json; charset=utf-8
host: localhost:16377
accept: */*

Response DefaultHttpResponse(decodeResult: success, version: HTTP/1.1)
HTTP/1.1 200 OK
Content-Length: 14
Content-Type: application/json; charset=utf-8
cache-control: no-cache

[DEBUG] Adding key: http://localhost:16377 for channel [id: 0x9b7e950f, L:/127.0.0.1:59689 - R:localhost/127.0.0.1:16377]
[DEBUG] Entry count for : http://localhost:59690 : 1
[DEBUG] Entry count for : http://localhost:16377 : 1
[DEBUG] Entry count for : http://localhost:59690 : 1
[DEBUG] Entry count for : http://localhost:16377 : 1
[DEBUG] Entry count for : http://localhost:59690 : 1
[DEBUG] Entry count for : http://localhost:16377 : 1
[DEBUG] Entry count for : http://localhost:59690 : 1
[DEBUG] Entry count for : http://localhost:16377 : 1
[DEBUG] Entry count for : http://localhost:59690 : 1
[DEBUG] Entry count for : http://localhost:16377 : 1
  When User enter customer info                                                           # StepDefination.StepDef.user_enter_customer_info()
[DEBUG] Using pooled Channel '[id: 0x9b7e950f, L:/127.0.0.1:59689 - R:localhost/127.0.0.1:16377]' for 'POST' to 'http://localhost:16377/session/3d9ce75e9c77293a1ee002ab136f535b/element'
[DEBUG] Using open Channel [id: 0x9b7e950f, L:/127.0.0.1:59689 - R:localhost/127.0.0.1:16377] for POST '/session/3d9ce75e9c77293a1ee002ab136f535b/element'
[DEBUG] 

Request DefaultHttpRequest(decodeResult: success, version: HTTP/1.1)
POST /session/3d9ce75e9c77293a1ee002ab136f535b/element HTTP/1.1
User-Agent: selenium/4.8.1 (java windows)
Content-Length: 69
Content-Type: application/json; charset=utf-8
host: localhost:16377
accept: */*

Response DefaultHttpResponse(decodeResult: success, version: HTTP/1.1)
HTTP/1.1 200 OK
Content-Length: 88
Content-Type: application/json; charset=utf-8
cache-control: no-cache

[DEBUG] Adding key: http://localhost:16377 for channel [id: 0x9b7e950f, L:/127.0.0.1:59689 - R:localhost/127.0.0.1:16377]
[DEBUG] Using pooled Channel '[id: 0x9b7e950f, L:/127.0.0.1:59689 - R:localhost/127.0.0.1:16377]' for 'POST' to 'http://localhost:16377/session/3d9ce75e9c77293a1ee002ab136f535b/element/098e2ed6-d3a0-453f-a6a2-6db77be60bdd/click'
[DEBUG] Using open Channel [id: 0x9b7e950f, L:/127.0.0.1:59689 - R:localhost/127.0.0.1:16377] for POST '/session/3d9ce75e9c77293a1ee002ab136f535b/element/098e2ed6-d3a0-453f-a6a2-6db77be60bdd/click'
[DEBUG] Entry count for : http://localhost:59690 : 1
[DEBUG] 

Request DefaultHttpRequest(decodeResult: success, version: HTTP/1.1)
POST /session/3d9ce75e9c77293a1ee002ab136f535b/element/098e2ed6-d3a0-453f-a6a2-6db77be60bdd/click HTTP/1.1
User-Agent: selenium/4.8.1 (java windows)
Content-Length: 50
Content-Type: application/json; charset=utf-8
host: localhost:16377
accept: */*

Response DefaultHttpResponse(decodeResult: success, version: HTTP/1.1)
HTTP/1.1 200 OK
Content-Length: 14
Content-Type: application/json; charset=utf-8
cache-control: no-cache

[DEBUG] Adding key: http://localhost:16377 for channel [id: 0x9b7e950f, L:/127.0.0.1:59689 - R:localhost/127.0.0.1:16377]
  And click on Save button                                                                # StepDefination.StepDef.click_on_save_button()
[DEBUG] Using pooled Channel '[id: 0x9b7e950f, L:/127.0.0.1:59689 - R:localhost/127.0.0.1:16377]' for 'POST' to 'http://localhost:16377/session/3d9ce75e9c77293a1ee002ab136f535b/element'
[DEBUG] Using open Channel [id: 0x9b7e950f, L:/127.0.0.1:59689 - R:localhost/127.0.0.1:16377] for POST '/session/3d9ce75e9c77293a1ee002ab136f535b/element'
[DEBUG] 

Request DefaultHttpRequest(decodeResult: success, version: HTTP/1.1)
POST /session/3d9ce75e9c77293a1ee002ab136f535b/element HTTP/1.1
User-Agent: selenium/4.8.1 (java windows)
Content-Length: 44
Content-Type: application/json; charset=utf-8
host: localhost:16377
accept: */*

Response DefaultHttpResponse(decodeResult: success, version: HTTP/1.1)
HTTP/1.1 200 OK
Content-Length: 88
Content-Type: application/json; charset=utf-8
cache-control: no-cache

[DEBUG] Adding key: http://localhost:16377 for channel [id: 0x9b7e950f, L:/127.0.0.1:59689 - R:localhost/127.0.0.1:16377]
[DEBUG] Using pooled Channel '[id: 0x9b7e950f, L:/127.0.0.1:59689 - R:localhost/127.0.0.1:16377]' for 'GET' to 'http://localhost:16377/session/3d9ce75e9c77293a1ee002ab136f535b/element/cf657cb1-5515-42f9-93f4-47b1d56dc013/text'
[DEBUG] Using open Channel [id: 0x9b7e950f, L:/127.0.0.1:59689 - R:localhost/127.0.0.1:16377] for GET '/session/3d9ce75e9c77293a1ee002ab136f535b/element/cf657cb1-5515-42f9-93f4-47b1d56dc013/text'
[DEBUG] 

Request DefaultFullHttpRequest(decodeResult: success, version: HTTP/1.1, content: EmptyByteBufBE)
GET /session/3d9ce75e9c77293a1ee002ab136f535b/element/cf657cb1-5515-42f9-93f4-47b1d56dc013/text HTTP/1.1
User-Agent: selenium/4.8.1 (java windows)
Cache-Control: no-cache
Content-Type: application/json; charset=utf-8
host: localhost:16377
accept: */*

Response DefaultHttpResponse(decodeResult: success, version: HTTP/1.1)
HTTP/1.1 200 OK
Content-Length: 883
Content-Type: application/json; charset=utf-8
cache-control: no-cache

[DEBUG] Adding key: http://localhost:16377 for channel [id: 0x9b7e950f, L:/127.0.0.1:59689 - R:localhost/127.0.0.1:16377]
  Then User can view confirmation message "The new customer has been added successfully." # StepDefination.StepDef.user_can_view_confirmation_message(java.lang.String)
  And close browser                                                                       # StepDefination.StepDef.close_browser()
[DEBUG] Using pooled Channel '[id: 0x9b7e950f, L:/127.0.0.1:59689 - R:localhost/127.0.0.1:16377]' for 'DELETE' to 'http://localhost:16377/session/3d9ce75e9c77293a1ee002ab136f535b/window'
[DEBUG] Using open Channel [id: 0x9b7e950f, L:/127.0.0.1:59689 - R:localhost/127.0.0.1:16377] for DELETE '/session/3d9ce75e9c77293a1ee002ab136f535b/window'
[DEBUG] Channel Closed: [id: 0x169e6ff9, L:/127.0.0.1:59697 ! R:localhost/127.0.0.1:59690] with attribute NettyResponseFuture{currentRetry=0,
	isDone=1,
	isCancelled=0,
	asyncHandler=org.asynchttpclient.ws.WebSocketUpgradeHandler@3cdc1120,
	nettyRequest=org.asynchttpclient.netty.request.NettyRequest@17343fd7,
	future=java.util.concurrent.CompletableFuture@31ae264[Completed normally],
	uri=ws://localhost:59690/devtools/browser/5d611a50-f2e4-48a8-a8c2-5a3e31bcbb29,
	keepAlive=true,
	redirectCount=0,
	timeoutsHolder=null,
	inAuth=0,
	touch=1682718021260}
[DEBUG] Channel Closed: [id: 0x5039b805, L:/127.0.0.1:59696 ! R:localhost/127.0.0.1:59690] with attribute DISCARD
[DEBUG] Closing Channel [id: 0x169e6ff9, L:/127.0.0.1:59697 ! R:localhost/127.0.0.1:59690] 
[DEBUG] 

Request DefaultFullHttpRequest(decodeResult: success, version: HTTP/1.1, content: EmptyByteBufBE)
DELETE /session/3d9ce75e9c77293a1ee002ab136f535b/window HTTP/1.1
User-Agent: selenium/4.8.1 (java windows)
Content-Type: application/json; charset=utf-8
host: localhost:16377
accept: */*

Response DefaultHttpResponse(decodeResult: success, version: HTTP/1.1)
HTTP/1.1 200 OK
Content-Length: 12
Content-Type: application/json; charset=utf-8
cache-control: no-cache

[DEBUG] Adding key: http://localhost:16377 for channel [id: 0x9b7e950f, L:/127.0.0.1:59689 - R:localhost/127.0.0.1:16377]
]]></system-out>
    <system-err><![CDATA[Starting ChromeDriver 112.0.5615.49 (bd2a7bcb881c11e8cfe3078709382934e3916914-refs/branch-heads/5615@{#936}) on port 16377
Only local connections are allowed.
Please see https://chromedriver.chromium.org/security-considerations for suggestions on keeping ChromeDriver safe.
ChromeDriver was started successfully.
Apr. 28, 2023 5:40:21 P.M. org.openqa.selenium.devtools.CdpVersionFinder findNearestMatch
WARNING: Unable to find an exact match for CDP version 112, so returning the closest version found: 110
]]></system-err>
  </testcase>
  <testcase name="Search Customer by Email" classname="Customer" time="13.44">
    <system-out><![CDATA[
@sanity
Scenario: Search Customer by Email                                       # Features/AddCustomer.feature:24
[DEBUG] Resolution chrome=112 in cache (valid until 18:14:52 28/04/2023 EDT)
[DEBUG] Resolution chrome112=112.0.5615.49 in cache (valid until 18:41:48 28/04/2023 EDT)
[INFO] Using chromedriver 112.0.5615.49 (resolved driver for Chrome 112)
[DEBUG] Driver chromedriver 112.0.5615.49 found in cache
[INFO] Exporting webdriver.chrome.driver as C:\Users\kumar\.cache\selenium\chromedriver\win32\112.0.5615.49\chromedriver.exe
[DEBUG] Using new Channel '[id: 0x7fd43def, L:/127.0.0.1:59720 - R:localhost/127.0.0.1:47300]' for 'POST' to '/session'
[DEBUG] Entry count for : http://localhost:59690 : 1
[DEBUG] Entry count for : http://localhost:16377 : 1
[DEBUG] Adding Candidate expired Channel [id: 0x5039b805, L:/127.0.0.1:59696 ! R:localhost/127.0.0.1:59690] isIdleTimeoutExpired=false isRemotelyClosed=true isTtlExpired=false
[DEBUG] Closing Idle Channel [id: 0x5039b805, L:/127.0.0.1:59696 ! R:localhost/127.0.0.1:59690]
[DEBUG] Closed 1 connections out of 2 in 1 ms
[DEBUG] 

Request DefaultHttpRequest(decodeResult: success, version: HTTP/1.1)
POST /session HTTP/1.1
User-Agent: selenium/4.8.1 (java windows)
Content-Length: 439
Content-Type: application/json; charset=utf-8
host: localhost:47300
accept: */*

Response DefaultHttpResponse(decodeResult: success, version: HTTP/1.1)
HTTP/1.1 200 OK
Content-Length: 859
Content-Type: application/json; charset=utf-8
cache-control: no-cache

[DEBUG] Adding key: http://localhost:47300 for channel [id: 0x7fd43def, L:/127.0.0.1:59720 - R:localhost/127.0.0.1:47300]
[DEBUG] Using new Channel '[id: 0x00793a02, L:/127.0.0.1:59726 - R:localhost/127.0.0.1:59721]' for 'GET' to '/json/version'
[DEBUG] 

Request DefaultFullHttpRequest(decodeResult: success, version: HTTP/1.1, content: EmptyByteBufBE)
GET /json/version HTTP/1.1
User-Agent: selenium/4.8.1 (java windows)
host: localhost:59721
accept: */*

Response DefaultHttpResponse(decodeResult: success, version: HTTP/1.1)
HTTP/1.1 200 OK
Content-Security-Policy: frame-ancestors 'none'
Content-Length: 424
Content-Type: application/json; charset=UTF-8

[DEBUG] Adding key: http://localhost:59721 for channel [id: 0x00793a02, L:/127.0.0.1:59726 - R:localhost/127.0.0.1:59721]
[DEBUG] Using new Channel '[id: 0x375d4a7b, L:/127.0.0.1:59727 - R:localhost/127.0.0.1:59721]' for 'GET' to '/devtools/browser/4b20f7a5-71ca-4225-a818-f06cb61a64b5'
[DEBUG] 

Request DefaultFullHttpRequest(decodeResult: success, version: HTTP/1.1, content: EmptyByteBufBE)
GET /devtools/browser/4b20f7a5-71ca-4225-a818-f06cb61a64b5 HTTP/1.1
upgrade: websocket
connection: upgrade
sec-websocket-key: 8sIcfCvsW0c63LGmGPsEEQ==
sec-websocket-version: 13
origin: http://localhost:59721
host: localhost:59721
accept: */*
user-agent: AHC/2.1

Response DefaultHttpResponse(decodeResult: success, version: HTTP/1.1)
HTTP/1.1 101 WebSocket Protocol Handshake
Upgrade: WebSocket
Connection: Upgrade
Sec-WebSocket-Accept: sjSR1CWfrzdW40VeMnVLO88V+yg=

  Given User Launch Chrome browser                                       # StepDefination.StepDef.user_launch_chrome_browser()
[DEBUG] Using pooled Channel '[id: 0x7fd43def, L:/127.0.0.1:59720 - R:localhost/127.0.0.1:47300]' for 'POST' to 'http://localhost:47300/session/0d323641ce90424be3f7dc933f771b1f/url'
[DEBUG] Using open Channel [id: 0x7fd43def, L:/127.0.0.1:59720 - R:localhost/127.0.0.1:47300] for POST '/session/0d323641ce90424be3f7dc933f771b1f/url'
[DEBUG] Entry count for : http://localhost:59721 : 1
[DEBUG] Entry count for : http://localhost:16377 : 1
[DEBUG] 

Request DefaultHttpRequest(decodeResult: success, version: HTTP/1.1)
POST /session/0d323641ce90424be3f7dc933f771b1f/url HTTP/1.1
User-Agent: selenium/4.8.1 (java windows)
Content-Length: 69
Content-Type: application/json; charset=utf-8
host: localhost:47300
accept: */*

Response DefaultHttpResponse(decodeResult: success, version: HTTP/1.1)
HTTP/1.1 200 OK
Content-Length: 14
Content-Type: application/json; charset=utf-8
cache-control: no-cache

[DEBUG] Adding key: http://localhost:47300 for channel [id: 0x7fd43def, L:/127.0.0.1:59720 - R:localhost/127.0.0.1:47300]
  When User opens URL "http://admin-demo.nopcommerce.com/login"          # StepDefination.StepDef.user_opens_url(java.lang.String)
[DEBUG] Using pooled Channel '[id: 0x7fd43def, L:/127.0.0.1:59720 - R:localhost/127.0.0.1:47300]' for 'POST' to 'http://localhost:47300/session/0d323641ce90424be3f7dc933f771b1f/element'
[DEBUG] Using open Channel [id: 0x7fd43def, L:/127.0.0.1:59720 - R:localhost/127.0.0.1:47300] for POST '/session/0d323641ce90424be3f7dc933f771b1f/element'
[DEBUG] 

Request DefaultHttpRequest(decodeResult: success, version: HTTP/1.1)
POST /session/0d323641ce90424be3f7dc933f771b1f/element HTTP/1.1
User-Agent: selenium/4.8.1 (java windows)
Content-Length: 50
Content-Type: application/json; charset=utf-8
host: localhost:47300
accept: */*

Response DefaultHttpResponse(decodeResult: success, version: HTTP/1.1)
HTTP/1.1 200 OK
Content-Length: 88
Content-Type: application/json; charset=utf-8
cache-control: no-cache

[DEBUG] Adding key: http://localhost:47300 for channel [id: 0x7fd43def, L:/127.0.0.1:59720 - R:localhost/127.0.0.1:47300]
[DEBUG] Using pooled Channel '[id: 0x7fd43def, L:/127.0.0.1:59720 - R:localhost/127.0.0.1:47300]' for 'POST' to 'http://localhost:47300/session/0d323641ce90424be3f7dc933f771b1f/element/bc3b4156-e156-4864-9c77-57b286f46808/clear'
[DEBUG] Using open Channel [id: 0x7fd43def, L:/127.0.0.1:59720 - R:localhost/127.0.0.1:47300] for POST '/session/0d323641ce90424be3f7dc933f771b1f/element/bc3b4156-e156-4864-9c77-57b286f46808/clear'
[DEBUG] 

Request DefaultHttpRequest(decodeResult: success, version: HTTP/1.1)
POST /session/0d323641ce90424be3f7dc933f771b1f/element/bc3b4156-e156-4864-9c77-57b286f46808/clear HTTP/1.1
User-Agent: selenium/4.8.1 (java windows)
Content-Length: 50
Content-Type: application/json; charset=utf-8
host: localhost:47300
accept: */*

Response DefaultHttpResponse(decodeResult: success, version: HTTP/1.1)
HTTP/1.1 200 OK
Content-Length: 14
Content-Type: application/json; charset=utf-8
cache-control: no-cache

[DEBUG] Adding key: http://localhost:47300 for channel [id: 0x7fd43def, L:/127.0.0.1:59720 - R:localhost/127.0.0.1:47300]
[DEBUG] Using pooled Channel '[id: 0x7fd43def, L:/127.0.0.1:59720 - R:localhost/127.0.0.1:47300]' for 'POST' to 'http://localhost:47300/session/0d323641ce90424be3f7dc933f771b1f/element'
[DEBUG] Using open Channel [id: 0x7fd43def, L:/127.0.0.1:59720 - R:localhost/127.0.0.1:47300] for POST '/session/0d323641ce90424be3f7dc933f771b1f/element'
[DEBUG] 

Request DefaultHttpRequest(decodeResult: success, version: HTTP/1.1)
POST /session/0d323641ce90424be3f7dc933f771b1f/element HTTP/1.1
User-Agent: selenium/4.8.1 (java windows)
Content-Length: 50
Content-Type: application/json; charset=utf-8
host: localhost:47300
accept: */*

Response DefaultHttpResponse(decodeResult: success, version: HTTP/1.1)
HTTP/1.1 200 OK
Content-Length: 88
Content-Type: application/json; charset=utf-8
cache-control: no-cache

[DEBUG] Adding key: http://localhost:47300 for channel [id: 0x7fd43def, L:/127.0.0.1:59720 - R:localhost/127.0.0.1:47300]
[DEBUG] Using pooled Channel '[id: 0x7fd43def, L:/127.0.0.1:59720 - R:localhost/127.0.0.1:47300]' for 'POST' to 'http://localhost:47300/session/0d323641ce90424be3f7dc933f771b1f/element/bc3b4156-e156-4864-9c77-57b286f46808/value'
[DEBUG] Using open Channel [id: 0x7fd43def, L:/127.0.0.1:59720 - R:localhost/127.0.0.1:47300] for POST '/session/0d323641ce90424be3f7dc933f771b1f/element/bc3b4156-e156-4864-9c77-57b286f46808/value'
[DEBUG] 

Request DefaultHttpRequest(decodeResult: success, version: HTTP/1.1)
POST /session/0d323641ce90424be3f7dc933f771b1f/element/bc3b4156-e156-4864-9c77-57b286f46808/value HTTP/1.1
User-Agent: selenium/4.8.1 (java windows)
Content-Length: 271
Content-Type: application/json; charset=utf-8
host: localhost:47300
accept: */*

Response DefaultHttpResponse(decodeResult: success, version: HTTP/1.1)
HTTP/1.1 200 OK
Content-Length: 14
Content-Type: application/json; charset=utf-8
cache-control: no-cache

[DEBUG] Adding key: http://localhost:47300 for channel [id: 0x7fd43def, L:/127.0.0.1:59720 - R:localhost/127.0.0.1:47300]
[DEBUG] Using pooled Channel '[id: 0x7fd43def, L:/127.0.0.1:59720 - R:localhost/127.0.0.1:47300]' for 'POST' to 'http://localhost:47300/session/0d323641ce90424be3f7dc933f771b1f/element'
[DEBUG] Using open Channel [id: 0x7fd43def, L:/127.0.0.1:59720 - R:localhost/127.0.0.1:47300] for POST '/session/0d323641ce90424be3f7dc933f771b1f/element'
[DEBUG] 

Request DefaultHttpRequest(decodeResult: success, version: HTTP/1.1)
POST /session/0d323641ce90424be3f7dc933f771b1f/element HTTP/1.1
User-Agent: selenium/4.8.1 (java windows)
Content-Length: 53
Content-Type: application/json; charset=utf-8
host: localhost:47300
accept: */*

Response DefaultHttpResponse(decodeResult: success, version: HTTP/1.1)
HTTP/1.1 200 OK
Content-Length: 88
Content-Type: application/json; charset=utf-8
cache-control: no-cache

[DEBUG] Adding key: http://localhost:47300 for channel [id: 0x7fd43def, L:/127.0.0.1:59720 - R:localhost/127.0.0.1:47300]
[DEBUG] Using pooled Channel '[id: 0x7fd43def, L:/127.0.0.1:59720 - R:localhost/127.0.0.1:47300]' for 'POST' to 'http://localhost:47300/session/0d323641ce90424be3f7dc933f771b1f/element/fc137560-c1f2-439c-8f22-b737e9d53bdf/clear'
[DEBUG] Using open Channel [id: 0x7fd43def, L:/127.0.0.1:59720 - R:localhost/127.0.0.1:47300] for POST '/session/0d323641ce90424be3f7dc933f771b1f/element/fc137560-c1f2-439c-8f22-b737e9d53bdf/clear'
[DEBUG] 

Request DefaultHttpRequest(decodeResult: success, version: HTTP/1.1)
POST /session/0d323641ce90424be3f7dc933f771b1f/element/fc137560-c1f2-439c-8f22-b737e9d53bdf/clear HTTP/1.1
User-Agent: selenium/4.8.1 (java windows)
Content-Length: 50
Content-Type: application/json; charset=utf-8
host: localhost:47300
accept: */*

Response DefaultHttpResponse(decodeResult: success, version: HTTP/1.1)
HTTP/1.1 200 OK
Content-Length: 14
Content-Type: application/json; charset=utf-8
cache-control: no-cache

[DEBUG] Adding key: http://localhost:47300 for channel [id: 0x7fd43def, L:/127.0.0.1:59720 - R:localhost/127.0.0.1:47300]
[DEBUG] Using pooled Channel '[id: 0x7fd43def, L:/127.0.0.1:59720 - R:localhost/127.0.0.1:47300]' for 'POST' to 'http://localhost:47300/session/0d323641ce90424be3f7dc933f771b1f/element'
[DEBUG] Using open Channel [id: 0x7fd43def, L:/127.0.0.1:59720 - R:localhost/127.0.0.1:47300] for POST '/session/0d323641ce90424be3f7dc933f771b1f/element'
[DEBUG] 

Request DefaultHttpRequest(decodeResult: success, version: HTTP/1.1)
POST /session/0d323641ce90424be3f7dc933f771b1f/element HTTP/1.1
User-Agent: selenium/4.8.1 (java windows)
Content-Length: 53
Content-Type: application/json; charset=utf-8
host: localhost:47300
accept: */*

Response DefaultHttpResponse(decodeResult: success, version: HTTP/1.1)
HTTP/1.1 200 OK
Content-Length: 88
Content-Type: application/json; charset=utf-8
cache-control: no-cache

[DEBUG] Adding key: http://localhost:47300 for channel [id: 0x7fd43def, L:/127.0.0.1:59720 - R:localhost/127.0.0.1:47300]
[DEBUG] Using pooled Channel '[id: 0x7fd43def, L:/127.0.0.1:59720 - R:localhost/127.0.0.1:47300]' for 'POST' to 'http://localhost:47300/session/0d323641ce90424be3f7dc933f771b1f/element/fc137560-c1f2-439c-8f22-b737e9d53bdf/value'
[DEBUG] Using open Channel [id: 0x7fd43def, L:/127.0.0.1:59720 - R:localhost/127.0.0.1:47300] for POST '/session/0d323641ce90424be3f7dc933f771b1f/element/fc137560-c1f2-439c-8f22-b737e9d53bdf/value'
[DEBUG] 

Request DefaultHttpRequest(decodeResult: success, version: HTTP/1.1)
POST /session/0d323641ce90424be3f7dc933f771b1f/element/fc137560-c1f2-439c-8f22-b737e9d53bdf/value HTTP/1.1
User-Agent: selenium/4.8.1 (java windows)
Content-Length: 131
Content-Type: application/json; charset=utf-8
host: localhost:47300
accept: */*

Response DefaultHttpResponse(decodeResult: success, version: HTTP/1.1)
HTTP/1.1 200 OK
Content-Length: 14
Content-Type: application/json; charset=utf-8
cache-control: no-cache

[DEBUG] Adding key: http://localhost:47300 for channel [id: 0x7fd43def, L:/127.0.0.1:59720 - R:localhost/127.0.0.1:47300]
  And User enters Email as "admin@yourstore.com" and Password as "admin" # StepDefination.StepDef.user_enters_email_as_and_password_as(java.lang.String,java.lang.String)
[DEBUG] Using pooled Channel '[id: 0x7fd43def, L:/127.0.0.1:59720 - R:localhost/127.0.0.1:47300]' for 'POST' to 'http://localhost:47300/session/0d323641ce90424be3f7dc933f771b1f/element'
[DEBUG] Using open Channel [id: 0x7fd43def, L:/127.0.0.1:59720 - R:localhost/127.0.0.1:47300] for POST '/session/0d323641ce90424be3f7dc933f771b1f/element'
[DEBUG] 

Request DefaultHttpRequest(decodeResult: success, version: HTTP/1.1)
POST /session/0d323641ce90424be3f7dc933f771b1f/element HTTP/1.1
User-Agent: selenium/4.8.1 (java windows)
Content-Length: 71
Content-Type: application/json; charset=utf-8
host: localhost:47300
accept: */*

Response DefaultHttpResponse(decodeResult: success, version: HTTP/1.1)
HTTP/1.1 200 OK
Content-Length: 88
Content-Type: application/json; charset=utf-8
cache-control: no-cache

[DEBUG] Adding key: http://localhost:47300 for channel [id: 0x7fd43def, L:/127.0.0.1:59720 - R:localhost/127.0.0.1:47300]
[DEBUG] Using pooled Channel '[id: 0x7fd43def, L:/127.0.0.1:59720 - R:localhost/127.0.0.1:47300]' for 'POST' to 'http://localhost:47300/session/0d323641ce90424be3f7dc933f771b1f/element/bc3ab803-5978-4dda-9528-8c84a4df84f8/click'
[DEBUG] Using open Channel [id: 0x7fd43def, L:/127.0.0.1:59720 - R:localhost/127.0.0.1:47300] for POST '/session/0d323641ce90424be3f7dc933f771b1f/element/bc3ab803-5978-4dda-9528-8c84a4df84f8/click'
[DEBUG] Entry count for : http://localhost:59721 : 1
[DEBUG] Entry count for : http://localhost:16377 : 1
[DEBUG] 

Request DefaultHttpRequest(decodeResult: success, version: HTTP/1.1)
POST /session/0d323641ce90424be3f7dc933f771b1f/element/bc3ab803-5978-4dda-9528-8c84a4df84f8/click HTTP/1.1
User-Agent: selenium/4.8.1 (java windows)
Content-Length: 50
Content-Type: application/json; charset=utf-8
[...]
[INFO] Using chromedriver 112.0.5615.49 (resolved driver for Chrome 112)
[DEBUG] Driver chromedriver 112.0.5615.49 found in cache
[INFO] Exporting webdriver.chrome.driver as C:\Users\kumar\.cache\selenium\chromedriver\win32\112.0.5615.49\chromedriver.exe
[DEBUG] Using new Channel '[id: 0x8cbb6401, L:/127.0.0.1:59783 - R:localhost/127.0.0.1:34008]' for 'POST' to '/session'
[DEBUG] 

Request DefaultHttpRequest(decodeResult: success, version: HTTP/1.1)
POST /session HTTP/1.1
User-Agent: selenium/4.8.1 (java windows)
Content-Length: 439
Content-Type: application/json; charset=utf-8
host: localhost:34008
accept: */*

Response DefaultHttpResponse(decodeResult: success, version: HTTP/1.1)
HTTP/1.1 200 OK
Content-Length: 858
Content-Type: application/json; charset=utf-8
cache-control: no-cache

[DEBUG] Adding key: http://localhost:34008 for channel [id: 0x8cbb6401, L:/127.0.0.1:59783 - R:localhost/127.0.0.1:34008]
[DEBUG] Entry count for : http://localhost:48981 : 1
[DEBUG] Entry count for : http://localhost:47300 : 1
[DEBUG] Entry count for : http://localhost:34008 : 1
[DEBUG] Entry count for : http://localhost:59766 : 1
[DEBUG] Entry count for : http://localhost:16377 : 1
[DEBUG] Entry count for : http://localhost:18675 : 1
[DEBUG] Adding Candidate expired Channel [id: 0xb53f9538, L:/127.0.0.1:59772 ! R:localhost/127.0.0.1:59766] isIdleTimeoutExpired=false isRemotelyClosed=true isTtlExpired=false
[DEBUG] Closing Idle Channel [id: 0xb53f9538, L:/127.0.0.1:59772 ! R:localhost/127.0.0.1:59766]
[DEBUG] Closed 1 connections out of 6 in 0 ms
[DEBUG] Using new Channel '[id: 0xfceee790, L:/127.0.0.1:59790 - R:localhost/127.0.0.1:59784]' for 'GET' to '/json/version'
[DEBUG] 

Request DefaultFullHttpRequest(decodeResult: success, version: HTTP/1.1, content: EmptyByteBufBE)
GET /json/version HTTP/1.1
User-Agent: selenium/4.8.1 (java windows)
host: localhost:59784
accept: */*

Response DefaultHttpResponse(decodeResult: success, version: HTTP/1.1)
HTTP/1.1 200 OK
Content-Security-Policy: frame-ancestors 'none'
Content-Length: 424
Content-Type: application/json; charset=UTF-8

[DEBUG] Adding key: http://localhost:59784 for channel [id: 0xfceee790, L:/127.0.0.1:59790 - R:localhost/127.0.0.1:59784]
[DEBUG] Using new Channel '[id: 0x568c3f1e, L:/127.0.0.1:59791 - R:localhost/127.0.0.1:59784]' for 'GET' to '/devtools/browser/d0b0ddc7-23d4-42f2-a318-b21d6bc8c54f'
[DEBUG] 

Request DefaultFullHttpRequest(decodeResult: success, version: HTTP/1.1, content: EmptyByteBufBE)
GET /devtools/browser/d0b0ddc7-23d4-42f2-a318-b21d6bc8c54f HTTP/1.1
upgrade: websocket
connection: upgrade
sec-websocket-key: zKnH984K2KT9dWquX0Jw/w==
sec-websocket-version: 13
origin: http://localhost:59784
host: localhost:59784
accept: */*
user-agent: AHC/2.1

Response DefaultHttpResponse(decodeResult: success, version: HTTP/1.1)
HTTP/1.1 101 WebSocket Protocol Handshake
Upgrade: WebSocket
Connection: Upgrade
Sec-WebSocket-Accept: gJC2Q6GuIh41PGviQjEhiEBF14w=

  Given User Launch Chrome browser                                   # StepDefination.StepDef.user_launch_chrome_browser()
[DEBUG] Using pooled Channel '[id: 0x8cbb6401, L:/127.0.0.1:59783 - R:localhost/127.0.0.1:34008]' for 'POST' to 'http://localhost:34008/session/1f97b8003f9a4f94a87254525a054a82/url'
[DEBUG] Using open Channel [id: 0x8cbb6401, L:/127.0.0.1:59783 - R:localhost/127.0.0.1:34008] for POST '/session/1f97b8003f9a4f94a87254525a054a82/url'
[DEBUG] Entry count for : http://localhost:48981 : 1
[DEBUG] Entry count for : http://localhost:47300 : 1
[DEBUG] Entry count for : http://localhost:59784 : 1
[DEBUG] Entry count for : http://localhost:16377 : 1
[DEBUG] Entry count for : http://localhost:18675 : 1
[DEBUG] 

Request DefaultHttpRequest(decodeResult: success, version: HTTP/1.1)
POST /session/1f97b8003f9a4f94a87254525a054a82/url HTTP/1.1
User-Agent: selenium/4.8.1 (java windows)
Content-Length: 69
Content-Type: application/json; charset=utf-8
host: localhost:34008
accept: */*

Response DefaultHttpResponse(decodeResult: success, version: HTTP/1.1)
HTTP/1.1 200 OK
Content-Length: 14
Content-Type: application/json; charset=utf-8
cache-control: no-cache

[DEBUG] Adding key: http://localhost:34008 for channel [id: 0x8cbb6401, L:/127.0.0.1:59783 - R:localhost/127.0.0.1:34008]
  When User opens URL "http://admin-demo.nopcommerce.com/login"      # StepDefination.StepDef.user_opens_url(java.lang.String)
[DEBUG] Using pooled Channel '[id: 0x8cbb6401, L:/127.0.0.1:59783 - R:localhost/127.0.0.1:34008]' for 'POST' to 'http://localhost:34008/session/1f97b8003f9a4f94a87254525a054a82/element'
[DEBUG] Using open Channel [id: 0x8cbb6401, L:/127.0.0.1:59783 - R:localhost/127.0.0.1:34008] for POST '/session/1f97b8003f9a4f94a87254525a054a82/element'
[DEBUG] 

Request DefaultHttpRequest(decodeResult: success, version: HTTP/1.1)
POST /session/1f97b8003f9a4f94a87254525a054a82/element HTTP/1.1
User-Agent: selenium/4.8.1 (java windows)
Content-Length: 50
Content-Type: application/json; charset=utf-8
host: localhost:34008
accept: */*

Response DefaultHttpResponse(decodeResult: success, version: HTTP/1.1)
HTTP/1.1 200 OK
Content-Length: 88
Content-Type: application/json; charset=utf-8
cache-control: no-cache

[DEBUG] Adding key: http://localhost:34008 for channel [id: 0x8cbb6401, L:/127.0.0.1:59783 - R:localhost/127.0.0.1:34008]
[DEBUG] Using pooled Channel '[id: 0x8cbb6401, L:/127.0.0.1:59783 - R:localhost/127.0.0.1:34008]' for 'POST' to 'http://localhost:34008/session/1f97b8003f9a4f94a87254525a054a82/element/07f0e931-7412-450a-9b99-dc473105c654/clear'
[DEBUG] Using open Channel [id: 0x8cbb6401, L:/127.0.0.1:59783 - R:localhost/127.0.0.1:34008] for POST '/session/1f97b8003f9a4f94a87254525a054a82/element/07f0e931-7412-450a-9b99-dc473105c654/clear'
[DEBUG] 

Request DefaultHttpRequest(decodeResult: success, version: HTTP/1.1)
POST /session/1f97b8003f9a4f94a87254525a054a82/element/07f0e931-7412-450a-9b99-dc473105c654/clear HTTP/1.1
User-Agent: selenium/4.8.1 (java windows)
Content-Length: 50
Content-Type: application/json; charset=utf-8
host: localhost:34008
accept: */*

Response DefaultHttpResponse(decodeResult: success, version: HTTP/1.1)
HTTP/1.1 200 OK
Content-Length: 14
Content-Type: application/json; charset=utf-8
cache-control: no-cache

[DEBUG] Adding key: http://localhost:34008 for channel [id: 0x8cbb6401, L:/127.0.0.1:59783 - R:localhost/127.0.0.1:34008]
[DEBUG] Using pooled Channel '[id: 0x8cbb6401, L:/127.0.0.1:59783 - R:localhost/127.0.0.1:34008]' for 'POST' to 'http://localhost:34008/session/1f97b8003f9a4f94a87254525a054a82/element'
[DEBUG] Using open Channel [id: 0x8cbb6401, L:/127.0.0.1:59783 - R:localhost/127.0.0.1:34008] for POST '/session/1f97b8003f9a4f94a87254525a054a82/element'
[DEBUG] 

Request DefaultHttpRequest(decodeResult: success, version: HTTP/1.1)
POST /session/1f97b8003f9a4f94a87254525a054a82/element HTTP/1.1
User-Agent: selenium/4.8.1 (java windows)
Content-Length: 50
Content-Type: application/json; charset=utf-8
host: localhost:34008
accept: */*

Response DefaultHttpResponse(decodeResult: success, version: HTTP/1.1)
HTTP/1.1 200 OK
Content-Length: 88
Content-Type: application/json; charset=utf-8
cache-control: no-cache

[DEBUG] Adding key: http://localhost:34008 for channel [id: 0x8cbb6401, L:/127.0.0.1:59783 - R:localhost/127.0.0.1:34008]
[DEBUG] Using pooled Channel '[id: 0x8cbb6401, L:/127.0.0.1:59783 - R:localhost/127.0.0.1:34008]' for 'POST' to 'http://localhost:34008/session/1f97b8003f9a4f94a87254525a054a82/element/07f0e931-7412-450a-9b99-dc473105c654/value'
[DEBUG] Using open Channel [id: 0x8cbb6401, L:/127.0.0.1:59783 - R:localhost/127.0.0.1:34008] for POST '/session/1f97b8003f9a4f94a87254525a054a82/element/07f0e931-7412-450a-9b99-dc473105c654/value'
[DEBUG] 

Request DefaultHttpRequest(decodeResult: success, version: HTTP/1.1)
POST /session/1f97b8003f9a4f94a87254525a054a82/element/07f0e931-7412-450a-9b99-dc473105c654/value HTTP/1.1
User-Agent: selenium/4.8.1 (java windows)
Content-Length: 231
Content-Type: application/json; charset=utf-8
host: localhost:34008
accept: */*

Response DefaultHttpResponse(decodeResult: success, version: HTTP/1.1)
HTTP/1.1 200 OK
Content-Length: 14
Content-Type: application/json; charset=utf-8
cache-control: no-cache

[DEBUG] Adding key: http://localhost:34008 for channel [id: 0x8cbb6401, L:/127.0.0.1:59783 - R:localhost/127.0.0.1:34008]
[DEBUG] Using pooled Channel '[id: 0x8cbb6401, L:/127.0.0.1:59783 - R:localhost/127.0.0.1:34008]' for 'POST' to 'http://localhost:34008/session/1f97b8003f9a4f94a87254525a054a82/element'
[DEBUG] Using open Channel [id: 0x8cbb6401, L:/127.0.0.1:59783 - R:localhost/127.0.0.1:34008] for POST '/session/1f97b8003f9a4f94a87254525a054a82/element'
[DEBUG] 

Request DefaultHttpRequest(decodeResult: success, version: HTTP/1.1)
POST /session/1f97b8003f9a4f94a87254525a054a82/element HTTP/1.1
User-Agent: selenium/4.8.1 (java windows)
Content-Length: 53
Content-Type: application/json; charset=utf-8
host: localhost:34008
accept: */*

Response DefaultHttpResponse(decodeResult: success, version: HTTP/1.1)
HTTP/1.1 200 OK
Content-Length: 88
Content-Type: application/json; charset=utf-8
cache-control: no-cache

[DEBUG] Adding key: http://localhost:34008 for channel [id: 0x8cbb6401, L:/127.0.0.1:59783 - R:localhost/127.0.0.1:34008]
[DEBUG] Using pooled Channel '[id: 0x8cbb6401, L:/127.0.0.1:59783 - R:localhost/127.0.0.1:34008]' for 'POST' to 'http://localhost:34008/session/1f97b8003f9a4f94a87254525a054a82/element/bf9d23c1-1652-4d88-80dc-b04e87e0f151/clear'
[DEBUG] Using open Channel [id: 0x8cbb6401, L:/127.0.0.1:59783 - R:localhost/127.0.0.1:34008] for POST '/session/1f97b8003f9a4f94a87254525a054a82/element/bf9d23c1-1652-4d88-80dc-b04e87e0f151/clear'
[DEBUG] 

Request DefaultHttpRequest(decodeResult: success, version: HTTP/1.1)
POST /session/1f97b8003f9a4f94a87254525a054a82/element/bf9d23c1-1652-4d88-80dc-b04e87e0f151/clear HTTP/1.1
User-Agent: selenium/4.8.1 (java windows)
Content-Length: 50
Content-Type: application/json; charset=utf-8
host: localhost:34008
accept: */*

Response DefaultHttpResponse(decodeResult: success, version: HTTP/1.1)
HTTP/1.1 200 OK
Content-Length: 14
Content-Type: application/json; charset=utf-8
cache-control: no-cache

[DEBUG] Adding key: http://localhost:34008 for channel [id: 0x8cbb6401, L:/127.0.0.1:59783 - R:localhost/127.0.0.1:34008]
[DEBUG] Using pooled Channel '[id: 0x8cbb6401, L:/127.0.0.1:59783 - R:localhost/127.0.0.1:34008]' for 'POST' to 'http://localhost:34008/session/1f97b8003f9a4f94a87254525a054a82/element'
[DEBUG] Using open Channel [id: 0x8cbb6401, L:/127.0.0.1:59783 - R:localhost/127.0.0.1:34008] for POST '/session/1f97b8003f9a4f94a87254525a054a82/element'
[DEBUG] 

Request DefaultHttpRequest(decodeResult: success, version: HTTP/1.1)
POST /session/1f97b8003f9a4f94a87254525a054a82/element HTTP/1.1
User-Agent: selenium/4.8.1 (java windows)
Content-Length: 53
Content-Type: application/json; charset=utf-8
host: localhost:34008
accept: */*

Response DefaultHttpResponse(decodeResult: success, version: HTTP/1.1)
HTTP/1.1 200 OK
Content-Length: 88
Content-Type: application/json; charset=utf-8
cache-control: no-cache

[DEBUG] Adding key: http://localhost:34008 for channel [id: 0x8cbb6401, L:/127.0.0.1:59783 - R:localhost/127.0.0.1:34008]
[DEBUG] Using pooled Channel '[id: 0x8cbb6401, L:/127.0.0.1:59783 - R:localhost/127.0.0.1:34008]' for 'POST' to 'http://localhost:34008/session/1f97b8003f9a4f94a87254525a054a82/element/bf9d23c1-1652-4d88-80dc-b04e87e0f151/value'
[DEBUG] Using open Channel [id: 0x8cbb6401, L:/127.0.0.1:59783 - R:localhost/127.0.0.1:34008] for POST '/session/1f97b8003f9a4f94a87254525a054a82/element/bf9d23c1-1652-4d88-80dc-b04e87e0f151/value'
[DEBUG] 

Request DefaultHttpRequest(decodeResult: success, version: HTTP/1.1)
POST /session/1f97b8003f9a4f94a87254525a054a82/element/bf9d23c1-1652-4d88-80dc-b04e87e0f151/value HTTP/1.1
User-Agent: selenium/4.8.1 (java windows)
Content-Length: 131
Content-Type: application/json; charset=utf-8
host: localhost:34008
accept: */*

Response DefaultHttpResponse(decodeResult: success, version: HTTP/1.1)
HTTP/1.1 200 OK
Content-Length: 14
Content-Type: application/json; charset=utf-8
cache-control: no-cache

[DEBUG] Adding key: http://localhost:34008 for channel [id: 0x8cbb6401, L:/127.0.0.1:59783 - R:localhost/127.0.0.1:34008]
  And User enters Email as "ksPB6@gmail.com" and Password as "test1" # StepDefination.StepDef.user_enters_email_as_and_password_as(java.lang.String,java.lang.String)
[DEBUG] Using pooled Channel '[id: 0x8cbb6401, L:/127.0.0.1:59783 - R:localhost/127.0.0.1:34008]' for 'POST' to 'http://localhost:34008/session/1f97b8003f9a4f94a87254525a054a82/element'
[DEBUG] Using open Channel [id: 0x8cbb6401, L:/127.0.0.1:59783 - R:localhost/127.0.0.1:34008] for POST '/session/1f97b8003f9a4f94a87254525a054a82/element'
[DEBUG] 

Request DefaultHttpRequest(decodeResult: success, version: HTTP/1.1)
POST /session/1f97b8003f9a4f94a87254525a054a82/element HTTP/1.1
User-Agent: selenium/4.8.1 (java windows)
Content-Length: 71
Content-Type: application/json; charset=utf-8
host: localhost:34008
accept: */*

Response DefaultHttpResponse(decodeResult: success, version: HTTP/1.1)
HTTP/1.1 200 OK
Content-Length: 88
Content-Type: application/json; charset=utf-8
cache-control: no-cache

[DEBUG] Adding key: http://localhost:34008 for channel [id: 0x8cbb6401, L:/127.0.0.1:59783 - R:localhost/127.0.0.1:34008]
[DEBUG] Using pooled Channel '[id: 0x8cbb6401, L:/127.0.0.1:59783 - R:localhost/127.0.0.1:34008]' for 'POST' to 'http://localhost:34008/session/1f97b8003f9a4f94a87254525a054a82/element/e12c5242-d036-4e12-8e0c-98ca67ae25b6/click'
[DEBUG] Using open Channel [id: 0x8cbb6401, L:/127.0.0.1:59783 - R:localhost/127.0.0.1:34008] for POST '/session/1f97b8003f9a4f94a87254525a054a82/element/e12c5242-d036-4e12-8e0c-98ca67ae25b6/click'
[DEBUG] Entry count for : http://localhost:48981 : 1
[DEBUG] Entry count for : http://localhost:47300 : 1
[DEBUG] Entry count for : http://localhost:59784 : 1
[DEBUG] Entry count for : http://localhost:16377 : 1
[DEBUG] Entry count for : http://localhost:18675 : 1
[DEBUG] 

Request DefaultHttpRequest(decodeResult: success, version: HTTP/1.1)
POST /session/1f97b8003f9a4f94a87254525a054a82/element/e12c5242-d036-4e12-8e0c-98ca67ae25b6/click HTTP/1.1
User-Agent: selenium/4.8.1 (java windows)
Content-Length: 50
Content-Type: application/json; charset=utf-8
host: localhost:34008
accept: */*

Response DefaultHttpResponse(decodeResult: success, version: HTTP/1.1)
HTTP/1.1 200 OK
Content-Length: 14
Content-Type: application/json; charset=utf-8
cache-control: no-cache

[DEBUG] Adding key: http://localhost:34008 for channel [id: 0x8cbb6401, L:/127.0.0.1:59783 - R:localhost/127.0.0.1:34008]
  And Click on Login                                                 # StepDefination.StepDef.click_on_login()
[DEBUG] Using pooled Channel '[id: 0x8cbb6401, L:/127.0.0.1:59783 - R:localhost/127.0.0.1:34008]' for 'GET' to 'http://localhost:34008/session/1f97b8003f9a4f94a87254525a054a82/title'
[DEBUG] Using open Channel [id: 0x8cbb6401, L:/127.0.0.1:59783 - R:localhost/127.0.0.1:34008] for GET '/session/1f97b8003f9a4f94a87254525a054a82/title'
[DEBUG] 

Request DefaultFullHttpRequest(decodeResult: success, version: HTTP/1.1, content: EmptyByteBufBE)
GET /session/1f97b8003f9a4f94a87254525a054a82/title HTTP/1.1
User-Agent: selenium/4.8.1 (java windows)
Cache-Control: no-cache
Content-Type: application/json; charset=utf-8
host: localhost:34008
accept: */*

Response DefaultHttpResponse(decodeResult: success, version: HTTP/1.1)
HTTP/1.1 200 OK
Content-Length: 29
Content-Type: application/json; charset=utf-8
cache-control: no-cache

[DEBUG] Adding key: http://localhost:34008 for channel [id: 0x8cbb6401, L:/127.0.0.1:59783 - R:localhost/127.0.0.1:34008]
  Then Page Title should be "Dashboard / nopCommerce administration" # StepDefination.StepDef.page_title_should_be(java.lang.String)
      junit.framework.AssertionFailedError
	at junit.framework.Assert.fail(Assert.java:55)
	at junit.framework.Assert.assertTrue(Assert.java:22)
	at junit.framework.Assert.assertTrue(Assert.java:31)
	at StepDefination.StepDef.page_title_should_be(StepDef.java:113)
	at âœ½.Page Title should be "Dashboard / nopCommerce administration"(file:///C:/Users/kumar/eclipse-workspace/CucumberFramwork/./Features/LoginFeature.feature:23)

  When User click on Log out link                                    # StepDefination.StepDef.user_click_on_log_out_link()
  Then Page Title should be "Your store. Login"                      # StepDefination.StepDef.page_title_should_be(java.lang.String)
  And close browser                                                  # StepDefination.StepDef.close_browser()
[DEBUG] Using pooled Channel '[id: 0x8cbb6401, L:/127.0.0.1:59783 - R:localhost/127.0.0.1:34008]' for 'GET' to 'http://localhost:34008/session/1f97b8003f9a4f94a87254525a054a82/screenshot'
[DEBUG] Using open Channel [id: 0x8cbb6401, L:/127.0.0.1:59783 - R:localhost/127.0.0.1:34008] for GET '/session/1f97b8003f9a4f94a87254525a054a82/screenshot'
[DEBUG] 

Request DefaultFullHttpRequest(decodeResult: success, version: HTTP/1.1, content: EmptyByteBufBE)
GET /session/1f97b8003f9a4f94a87254525a054a82/screenshot HTTP/1.1
User-Agent: selenium/4.8.1 (java windows)
Cache-Control: no-cache
Content-Type: application/json; charset=utf-8
host: localhost:34008
accept: */*

Response DefaultHttpResponse(decodeResult: success, version: HTTP/1.1)
HTTP/1.1 200 OK
Content-Length: 67584
Content-Type: application/json; charset=utf-8
cache-control: no-cache

[DEBUG] Adding key: http://localhost:34008 for channel [id: 0x8cbb6401, L:/127.0.0.1:59783 - R:localhost/127.0.0.1:34008]
[DEBUG] Using pooled Channel '[id: 0x8cbb6401, L:/127.0.0.1:59783 - R:localhost/127.0.0.1:34008]' for 'DELETE' to 'http://localhost:34008/session/1f97b8003f9a4f94a87254525a054a82/window'
[DEBUG] Using open Channel [id: 0x8cbb6401, L:/127.0.0.1:59783 - R:localhost/127.0.0.1:34008] for DELETE '/session/1f97b8003f9a4f94a87254525a054a82/window'
[DEBUG] Channel Closed: [id: 0xfceee790, L:/127.0.0.1:59790 ! R:localhost/127.0.0.1:59784] with attribute DISCARD
[DEBUG] Channel Closed: [id: 0x568c3f1e, L:/127.0.0.1:59791 ! R:localhost/127.0.0.1:59784] with attribute NettyResponseFuture{currentRetry=0,
	isDone=1,
	isCancelled=0,
	asyncHandler=org.asynchttpclient.ws.WebSocketUpgradeHandler@49944d9,
	nettyRequest=org.asynchttpclient.netty.request.NettyRequest@419bca2e,
	future=java.util.concurrent.CompletableFuture@4600b9d3[Completed normally],
	uri=ws://localhost:59784/devtools/browser/d0b0ddc7-23d4-42f2-a318-b21d6bc8c54f,
	keepAlive=true,
	redirectCount=0,
	timeoutsHolder=null,
	inAuth=0,
	touch=1682718076345}
[DEBUG] Closing Channel [id: 0x568c3f1e, L:/127.0.0.1:59791 ! R:localhost/127.0.0.1:59784] 
[DEBUG] 

Request DefaultFullHttpRequest(decodeResult: success, version: HTTP/1.1, content: EmptyByteBufBE)
DELETE /session/1f97b8003f9a4f94a87254525a054a82/window HTTP/1.1
User-Agent: selenium/4.8.1 (java windows)
Content-Type: application/json; charset=utf-8
host: localhost:34008
accept: */*

Response DefaultHttpResponse(decodeResult: success, version: HTTP/1.1)
HTTP/1.1 200 OK
Content-Length: 12
Content-Type: application/json; charset=utf-8
cache-control: no-cache

[DEBUG] Adding key: http://localhost:34008 for channel [id: 0x8cbb6401, L:/127.0.0.1:59783 - R:localhost/127.0.0.1:34008]
]]></system-out>
    <system-err><![CDATA[Starting ChromeDriver 112.0.5615.49 (bd2a7bcb881c11e8cfe3078709382934e3916914-refs/branch-heads/5615@{#936}) on port 34008
Only local connections are allowed.
Please see https://chromedriver.chromium.org/security-considerations for suggestions on keeping ChromeDriver safe.
ChromeDriver was started successfully.
Apr. 28, 2023 5:41:16 P.M. org.openqa.selenium.devtools.CdpVersionFinder findNearestMatch
WARNING: Unable to find an exact match for CDP version 112, so returning the closest version found: 110
]]></system-err>
  </testcase>
</testsuite>