<?xml version="1.0" encoding="UTF-8"?>
<!-- Generated by org.testng.reporters.JUnitReportReporter -->
<testsuite hostname="Kapil" failures="1" tests="5" name="Runner.Run" time="74.378" errors="0" timestamp="2023-06-05T22:24:57 EDT" skipped="0">
  <testcase classname="Runner.Run" name="runScenario" time="13.712"/>
  <system-out/>
  <testcase classname="Runner.Run" name="runScenario" time="13.415"/>
  <system-out/>
  <testcase classname="Runner.Run" name="runScenario" time="38.122"/>
  <system-out/>
  <testcase classname="Runner.Run" name="runScenario" time="6.456"/>
  <system-out/>
  <testcase classname="Runner.Run" name="runScenario" time="2.673">
    <failure type="junit.framework.AssertionFailedError">
      <![CDATA[junit.framework.AssertionFailedError
at junit.framework.Assert.fail(Assert.java:55)
at junit.framework.Assert.assertTrue(Assert.java:22)
at junit.framework.Assert.assertTrue(Assert.java:31)
at StepDefination.StepDef.page_title_should_be(StepDef.java:109)
at ✽.Page Title should be "Dashboard / nopCommerce administration"(file:///C:/Users/kumar/eclipse-workspace/CucumberFramwork/./Features/LoginFeature.feature:23)
]]>
    </failure>
  </testcase> <!-- runScenario -->
  <system-out/>
</testsuite> <!-- Runner.Run -->
